{"title": "hhh", "subtitle": "hhh", "arg": "2.2.5$%hhh$%hhh$%EN2zh-CHS$%$%",         "icon": "icon.png"}
{"title": "1", "subtitle": "1", "arg": "2.2.5$%1$%1$%EN2zh-CHS$%$%",         "icon": "icon.png"}
{"title": "表现型", "subtitle": "phenotype", "arg": "2.2.5$%表现型$%phenotype$%zh-CHS2EN$%$%",         "icon": "icon.png"}
{"title": "表现型", "subtitle": "phenotype", "arg": "2.2.5$%表现型$%phenotype$%zh-CHS2EN$%$%",         "icon": "icon.png"}
{"title": "licking", "subtitle": "舔", "arg": "2.2.5$%licking$%舔$%EN2zh-CHS$%$%",         "icon": "icon.png"}
{"title": "pussy", "subtitle": "猫咪", "arg": "2.2.5$%pussy$%猫咪$%EN2zh-CHS$%$%",         "icon": "icon.png"}
{"title": "py", "subtitle": "py", "arg": "2.2.5$%py$%py$%EN2zh-CHS$%$%",         "icon": "icon.png"}
{"title": "pyramid", "subtitle": "金字塔", "arg": "2.2.5$%pyramid$%金字塔$%EN2zh-CHS$%$%",         "icon": "icon.png"}
{"title": "nut", "subtitle": "螺母", "arg": "2.2.5$%nut$%螺母$%EN2zh-CHS$%$%",         "icon": "icon.png"}
{"title": "waiting", "subtitle": "等待", "arg": "2.2.5$%waiting$%等待$%EN2zh-CHS$%$%",         "icon": "icon.png"}
{"title": "curly", "subtitle": "卷曲的", "arg": "2.2.5$%curly$%卷曲的$%EN2zh-CHS$%$%",         "icon": "icon.png"}
{"title": "curly", "subtitle": "卷曲的", "arg": "2.2.5$%curly$%卷曲的$%EN2zh-CHS$%$%",         "icon": "icon.png"}
{"title": "mine", "subtitle": "我的", "arg": "2.2.5$%mine$%我的$%EN2zh-CHS$%$%",         "icon": "icon.png"}
{"title": "slices", "subtitle": "片", "arg": "2.2.5$%slices$%片$%EN2zh-CHS$%$%",         "icon": "icon.png"}
{"title": "primitive", "subtitle": "原始的", "arg": "2.2.5$%primitive$%原始的$%EN2zh-CHS$%$%",         "icon": "icon.png"}
{"title": "deliberate", "subtitle": "深思熟虑的", "arg": "2.2.5$%deliberate$%深思熟虑的$%EN2zh-CHS$%$%",         "icon": "icon.png"}
{"title": "a frei", "subtitle": "一个弗雷", "arg": "2.2.5$%a frei$%一个弗雷$%EN2zh-CHS$%$%",         "icon": "icon.png"}
{"title": "a fr", "subtitle": "一个神父", "arg": "2.2.5$%a fr$%一个神父$%EN2zh-CHS$%$%",         "icon": "icon.png"}
{"title": "a friend of", "subtitle": "的一个朋友", "arg": "2.2.5$%a friend of$%的一个朋友$%EN2zh-CHS$%$%",         "icon": "icon.png"}
{"title": "trade-off", "subtitle": "权衡", "arg": "2.2.5$%trade-off$%权衡$%EN2zh-CHS$%$%",         "icon": "icon.png"}
{"title": "exhas", "subtitle": "exhas", "arg": "2.2.5$%exhas$%exhas$%EN2zh-CHS$%$%",         "icon": "icon.png"}
{"title": "exhaustive", "subtitle": "详尽的", "arg": "2.2.5$%exhaustive$%详尽的$%EN2zh-CHS$%$%",         "icon": "icon.png"}
{"title": "propa", "subtitle": "propa", "arg": "2.2.5$%propa$%propa$%EN2zh-CHS$%$%",         "icon": "icon.png"}
{"title": "propagating", "subtitle": "传播", "arg": "2.2.5$%propagating$%传播$%EN2zh-CHS$%$%",         "icon": "icon.png"}
{"title": "trickle", "subtitle": "细流", "arg": "2.2.5$%trickle$%细流$%EN2zh-CHS$%$%",         "icon": "icon.png"}
{"title": "trek", "subtitle": "长途跋涉", "arg": "2.2.5$%trek$%长途跋涉$%EN2zh-CHS$%$%",         "icon": "icon.png"}
{"title": "asets", "subtitle": "asets", "arg": "2.2.5$%asets$%asets$%EN2zh-CHS$%$%",         "icon": "icon.png"}
{"title": "asset", "subtitle": "资产", "arg": "2.2.5$%asset$%资产$%EN2zh-CHS$%$%",         "icon": "icon.png"}
{"title": "inadequate", "subtitle": "不充分的", "arg": "2.2.5$%inadequate$%不充分的$%EN2zh-CHS$%$%",         "icon": "icon.png"}
{"title": "s", "subtitle": "年代", "arg": "2.2.5$%s$%年代$%EN2zh-CHS$%$%",         "icon": "icon.png"}
{"title": "consultation", "subtitle": "咨询", "arg": "2.2.5$%consultation$%咨询$%EN2zh-CHS$%$%",         "icon": "icon.png"}
{"title": "negate", "subtitle": "否定", "arg": "2.2.5$%negate$%否定$%EN2zh-CHS$%$%",         "icon": "icon.png"}
{"title": "accur", "subtitle": "accur", "arg": "2.2.5$%accur$%accur$%EN2zh-CHS$%$%",         "icon": "icon.png"}
{"title": "a", "subtitle": "一个", "arg": "2.2.5$%a$%一个$%EN2zh-CHS$%$%",         "icon": "icon.png"}
{"title": "出现", "subtitle": "appear", "arg": "2.2.5$%出现$%appear$%zh-CHS2EN$%$%",         "icon": "icon.png"}
{"title": "rust", "subtitle": "生锈", "arg": "2.2.5$%rust$%生锈$%EN2zh-CHS$%$%",         "icon": "icon.png"}
{"title": "pale", "subtitle": "苍白的", "arg": "2.2.5$%pale$%苍白的$%EN2zh-CHS$%$%",         "icon": "icon.png"}
{"title": "adolescents", "subtitle": "青少年", "arg": "2.2.5$%adolescents$%青少年$%EN2zh-CHS$%$%",         "icon": "icon.png"}
{"title": "appel", "subtitle": "appel", "arg": "2.2.5$%appel$%appel$%EN2zh-CHS$%$%",         "icon": "icon.png"}
{"title": "appela", "subtitle": "appela", "arg": "2.2.5$%appela$%appela$%EN2zh-CHS$%$%",         "icon": "icon.png"}
{"title": "appeal", "subtitle": "上诉", "arg": "2.2.5$%appeal$%上诉$%EN2zh-CHS$%$%",         "icon": "icon.png"}
{"title": "recite", "subtitle": "背诵", "arg": "2.2.5$%recite$%背诵$%EN2zh-CHS$%$%",         "icon": "icon.png"}
{"title": "complimentary", "subtitle": "免费", "arg": "2.2.5$%complimentary$%免费$%EN2zh-CHS$%$%",         "icon": "icon.png"}
{"title": "c", "subtitle": "c", "arg": "2.2.5$%c$%c$%EN2zh-CHS$%$%",         "icon": "icon.png"}
{"title": "ciru", "subtitle": "ciru", "arg": "2.2.5$%ciru$%ciru$%EN2zh-CHS$%$%",         "icon": "icon.png"}
{"title": "circulation", "subtitle": "循环", "arg": "2.2.5$%circulation$%循环$%EN2zh-CHS$%$%",         "icon": "icon.png"}
{"title": "remark", "subtitle": "备注", "arg": "2.2.5$%remark$%备注$%EN2zh-CHS$%$%",         "icon": "icon.png"}
{"title": "remark", "subtitle": "备注", "arg": "2.2.5$%remark$%备注$%EN2zh-CHS$%$%",         "icon": "icon.png"}
{"title": "nutrition", "subtitle": "营养", "arg": "2.2.5$%nutrition$%营养$%EN2zh-CHS$%$%",         "icon": "icon.png"}
{"title": "inh", "subtitle": "异烟肼", "arg": "2.2.5$%inh$%异烟肼$%EN2zh-CHS$%$%",         "icon": "icon.png"}
{"title": "inherent", "subtitle": "固有的", "arg": "2.2.5$%inherent$%固有的$%EN2zh-CHS$%$%",         "icon": "icon.png"}
{"title": "inherently", "subtitle": "本质上", "arg": "2.2.5$%inherently$%本质上$%EN2zh-CHS$%$%",         "icon": "icon.png"}
{"title": "env", "subtitle": "env", "arg": "2.2.5$%env$%env$%EN2zh-CHS$%$%",         "icon": "icon.png"}
{"title": "envy", "subtitle": "嫉妒", "arg": "2.2.5$%envy$%嫉妒$%EN2zh-CHS$%$%",         "icon": "icon.png"}
{"title": "dramatic", "subtitle": "戏剧性的", "arg": "2.2.5$%dramatic$%戏剧性的$%EN2zh-CHS$%$%",         "icon": "icon.png"}
{"title": "conduciv", "subtitle": "conduciv", "arg": "2.2.5$%conduciv$%conduciv$%EN2zh-CHS$%$%",         "icon": "icon.png"}
{"title": "conducive", "subtitle": "有利", "arg": "2.2.5$%conducive$%有利$%EN2zh-CHS$%$%",         "icon": "icon.png"}
{"title": "cu", "subtitle": "铜", "arg": "2.2.5$%cu$%铜$%EN2zh-CHS$%$%",         "icon": "icon.png"}
{"title": "cumulative", "subtitle": "累积", "arg": "2.2.5$%cumulative$%累积$%EN2zh-CHS$%$%",         "icon": "icon.png"}
{"title": "di", "subtitle": "迪", "arg": "2.2.5$%di$%迪$%EN2zh-CHS$%$%",         "icon": "icon.png"}
{"title": "dis", "subtitle": "说", "arg": "2.2.5$%dis$%说$%EN2zh-CHS$%$%",         "icon": "icon.png"}
{"title": "disruption", "subtitle": "中断", "arg": "2.2.5$%disruption$%中断$%EN2zh-CHS$%$%",         "icon": "icon.png"}
{"title": "dis", "subtitle": "说", "arg": "2.2.5$%dis$%说$%EN2zh-CHS$%$%",         "icon": "icon.png"}
{"title": "disruption", "subtitle": "中断", "arg": "2.2.5$%disruption$%中断$%EN2zh-CHS$%$%",         "icon": "icon.png"}
{"title": "slip", "subtitle": "滑", "arg": "2.2.5$%slip$%滑$%EN2zh-CHS$%$%",         "icon": "icon.png"}
{"title": "seldom", "subtitle": "很少", "arg": "2.2.5$%seldom$%很少$%EN2zh-CHS$%$%",         "icon": "icon.png"}
{"title": "flexible", "subtitle": "灵活的", "arg": "2.2.5$%flexible$%灵活的$%EN2zh-CHS$%$%",         "icon": "icon.png"}
{"title": "drama", "subtitle": "戏剧", "arg": "2.2.5$%drama$%戏剧$%EN2zh-CHS$%$%",         "icon": "icon.png"}
{"title": "infants", "subtitle": "婴儿", "arg": "2.2.5$%infants$%婴儿$%EN2zh-CHS$%$%",         "icon": "icon.png"}
{"title": "dev", "subtitle": "dev", "arg": "2.2.5$%dev$%dev$%EN2zh-CHS$%$%",         "icon": "icon.png"}
{"title": "devo", "subtitle": "devo", "arg": "2.2.5$%devo$%devo$%EN2zh-CHS$%$%",         "icon": "icon.png"}
{"title": "d", "subtitle": "d", "arg": "2.2.5$%d$%d$%EN2zh-CHS$%$%",         "icon": "icon.png"}
{"title": "divo", "subtitle": "divo", "arg": "2.2.5$%divo$%divo$%EN2zh-CHS$%$%",         "icon": "icon.png"}
{"title": "divoced", "subtitle": "divoced", "arg": "2.2.5$%divoced$%divoced$%EN2zh-CHS$%$%",         "icon": "icon.png"}
{"title": "divo", "subtitle": "divo", "arg": "2.2.5$%divo$%divo$%EN2zh-CHS$%$%",         "icon": "icon.png"}
{"title": "divorced", "subtitle": "离婚了", "arg": "2.2.5$%divorced$%离婚了$%EN2zh-CHS$%$%",         "icon": "icon.png"}
{"title": "worsening", "subtitle": "不断恶化的", "arg": "2.2.5$%worsening$%不断恶化的$%EN2zh-CHS$%$%",         "icon": "icon.png"}
{"title": "hazards", "subtitle": "危害", "arg": "2.2.5$%hazards$%危害$%EN2zh-CHS$%$%",         "icon": "icon.png"}
{"title": "pasta", "subtitle": "意大利面", "arg": "2.2.5$%pasta$%意大利面$%EN2zh-CHS$%$%",         "icon": "icon.png"}
{"title": "cli", "subtitle": "cli", "arg": "2.2.5$%cli$%cli$%EN2zh-CHS$%$%",         "icon": "icon.png"}
{"title": "clinical", "subtitle": "临床", "arg": "2.2.5$%clinical$%临床$%EN2zh-CHS$%$%",         "icon": "icon.png"}
{"title": "contrary", "subtitle": "相反", "arg": "2.2.5$%contrary$%相反$%EN2zh-CHS$%$%",         "icon": "icon.png"}
{"title": "shoot up", "subtitle": "暴涨", "arg": "2.2.5$%shoot up$%暴涨$%EN2zh-CHS$%$%",         "icon": "icon.png"}
{"title": "lumped in", "subtitle": "集中在", "arg": "2.2.5$%lumped in$%集中在$%EN2zh-CHS$%$%",         "icon": "icon.png"}
{"title": "be lumped in", "subtitle": "被集中在", "arg": "2.2.5$%be lumped in$%被集中在$%EN2zh-CHS$%$%",         "icon": "icon.png"}
{"title": "lumped", "subtitle": "集总", "arg": "2.2.5$%lumped$%集总$%EN2zh-CHS$%$%",         "icon": "icon.png"}
{"title": "adverse", "subtitle": "不良", "arg": "2.2.5$%adverse$%不良$%EN2zh-CHS$%$%",         "icon": "icon.png"}
{"title": "magnified", "subtitle": "放大", "arg": "2.2.5$%magnified$%放大$%EN2zh-CHS$%$%",         "icon": "icon.png"}
{"title": "contrary to", "subtitle": "相反", "arg": "2.2.5$%contrary to$%相反$%EN2zh-CHS$%$%",         "icon": "icon.png"}
{"title": "despite", "subtitle": "尽管", "arg": "2.2.5$%despite$%尽管$%EN2zh-CHS$%$%",         "icon": "icon.png"}
{"title": "thriving", "subtitle": "蓬勃发展的", "arg": "2.2.5$%thriving$%蓬勃发展的$%EN2zh-CHS$%$%",         "icon": "icon.png"}
{"title": "co", "subtitle": "有限公司", "arg": "2.2.5$%co$%有限公司$%EN2zh-CHS$%$%",         "icon": "icon.png"}
{"title": "composed", "subtitle": "组成", "arg": "2.2.5$%composed$%组成$%EN2zh-CHS$%$%",         "icon": "icon.png"}
{"title": "cah", "subtitle": "儿童和青少年卫生与发育司", "arg": "2.2.5$%cah$%儿童和青少年卫生与发育司$%EN2zh-CHS$%$%",         "icon": "icon.png"}
{"title": "chcara", "subtitle": "chcara", "arg": "2.2.5$%chcara$%chcara$%EN2zh-CHS$%$%",         "icon": "icon.png"}
{"title": "charac", "subtitle": "水资源", "arg": "2.2.5$%charac$%水资源$%EN2zh-CHS$%$%",         "icon": "icon.png"}
{"title": "characters", "subtitle": "字符", "arg": "2.2.5$%characters$%字符$%EN2zh-CHS$%$%",         "icon": "icon.png"}
{"title": "稳定的", "subtitle": "The stability of the", "arg": "2.2.5$%稳定的$%The stability of the$%zh-CHS2EN$%$%",         "icon": "icon.png"}
{"title": "固定的", "subtitle": "fixed", "arg": "2.2.5$%固定的$%fixed$%zh-CHS2EN$%$%",         "icon": "icon.png"}
{"title": "起源于", "subtitle": "Originated in the", "arg": "2.2.5$%起源于$%Originated in the$%zh-CHS2EN$%$%",         "icon": "icon.png"}
{"title": "literals", "subtitle": "文字", "arg": "2.2.5$%literals$%文字$%EN2zh-CHS$%$%",         "icon": "icon.png"}
{"title": "文学作品", "subtitle": "Literary works", "arg": "2.2.5$%文学作品$%Literary works$%zh-CHS2EN$%$%",         "icon": "icon.png"}
{"title": "深化", "subtitle": "deepen", "arg": "2.2.5$%深化$%deepen$%zh-CHS2EN$%$%",         "icon": "icon.png"}
{"title": "神话", "subtitle": "myth", "arg": "2.2.5$%神话$%myth$%zh-CHS2EN$%$%",         "icon": "icon.png"}
{"title": "传说", "subtitle": "Legend has it that", "arg": "2.2.5$%传说$%Legend has it that$%zh-CHS2EN$%$%",         "icon": "icon.png"}
{"title": "ir", "subtitle": "红外", "arg": "2.2.5$%ir$%红外$%EN2zh-CHS$%$%",         "icon": "icon.png"}
{"title": "传统的", "subtitle": "The traditional", "arg": "2.2.5$%传统的$%The traditional$%zh-CHS2EN$%$%",         "icon": "icon.png"}
{"title": "conversation", "subtitle": "谈话", "arg": "2.2.5$%conversation$%谈话$%EN2zh-CHS$%$%",         "icon": "icon.png"}
{"title": "pre", "subtitle": "精准医疗", "arg": "2.2.5$%pre$%精准医疗$%EN2zh-CHS$%$%",         "icon": "icon.png"}
{"title": "precies", "subtitle": "precies", "arg": "2.2.5$%precies$%precies$%EN2zh-CHS$%$%",         "icon": "icon.png"}
{"title": "preciesly", "subtitle": "preciesly", "arg": "2.2.5$%preciesly$%preciesly$%EN2zh-CHS$%$%",         "icon": "icon.png"}
{"title": "精确的", "subtitle": "The precise", "arg": "2.2.5$%精确的$%The precise$%zh-CHS2EN$%$%",         "icon": "icon.png"}
{"title": "精确", "subtitle": "accurate", "arg": "2.2.5$%精确$%accurate$%zh-CHS2EN$%$%",         "icon": "icon.png"}
{"title": "精确地", "subtitle": "accurately", "arg": "2.2.5$%精确地$%accurately$%zh-CHS2EN$%$%",         "icon": "icon.png"}
{"title": "muta", "subtitle": "问好", "arg": "2.2.5$%muta$%问好$%EN2zh-CHS$%$%",         "icon": "icon.png"}
{"title": "mutual", "subtitle": "相互", "arg": "2.2.5$%mutual$%相互$%EN2zh-CHS$%$%",         "icon": "icon.png"}
{"title": "spec", "subtitle": "规范", "arg": "2.2.5$%spec$%规范$%EN2zh-CHS$%$%",         "icon": "icon.png"}
{"title": "spectrum", "subtitle": "光谱", "arg": "2.2.5$%spectrum$%光谱$%EN2zh-CHS$%$%",         "icon": "icon.png"}
{"title": "dual", "subtitle": "双", "arg": "2.2.5$%dual$%双$%EN2zh-CHS$%$%",         "icon": "icon.png"}
{"title": "imminent", "subtitle": "迫在眉睫的", "arg": "2.2.5$%imminent$%迫在眉睫的$%EN2zh-CHS$%$%",         "icon": "icon.png"}
{"title": "auto", "subtitle": "汽车", "arg": "2.2.5$%auto$%汽车$%EN2zh-CHS$%$%",         "icon": "icon.png"}
{"title": "autom", "subtitle": "奥特曼", "arg": "2.2.5$%autom$%奥特曼$%EN2zh-CHS$%$%",         "icon": "icon.png"}
{"title": "autonomous", "subtitle": "自治", "arg": "2.2.5$%autonomous$%自治$%EN2zh-CHS$%$%",         "icon": "icon.png"}
{"title": "odds", "subtitle": "几率", "arg": "2.2.5$%odds$%几率$%EN2zh-CHS$%$%",         "icon": "icon.png"}
{"title": "outra", "subtitle": "outra", "arg": "2.2.5$%outra$%outra$%EN2zh-CHS$%$%",         "icon": "icon.png"}
{"title": "outrage", "subtitle": "愤怒", "arg": "2.2.5$%outrage$%愤怒$%EN2zh-CHS$%$%",         "icon": "icon.png"}
{"title": "outrageous", "subtitle": "令人发指的", "arg": "2.2.5$%outrageous$%令人发指的$%EN2zh-CHS$%$%",         "icon": "icon.png"}
{"title": "immi", "subtitle": "显示", "arg": "2.2.5$%immi$%显示$%EN2zh-CHS$%$%",         "icon": "icon.png"}
{"title": "immient", "subtitle": "immient", "arg": "2.2.5$%immient$%immient$%EN2zh-CHS$%$%",         "icon": "icon.png"}
{"title": "immien", "subtitle": "immien", "arg": "2.2.5$%immien$%immien$%EN2zh-CHS$%$%",         "icon": "icon.png"}
{"title": "immin", "subtitle": "immin", "arg": "2.2.5$%immin$%immin$%EN2zh-CHS$%$%",         "icon": "icon.png"}
{"title": "imminent", "subtitle": "迫在眉睫的", "arg": "2.2.5$%imminent$%迫在眉睫的$%EN2zh-CHS$%$%",         "icon": "icon.png"}
{"title": "out", "subtitle": "出", "arg": "2.2.5$%out$%出$%EN2zh-CHS$%$%",         "icon": "icon.png"}
{"title": "outr", "subtitle": "outr", "arg": "2.2.5$%outr$%outr$%EN2zh-CHS$%$%",         "icon": "icon.png"}
{"title": "outrageous s", "subtitle": "可恶的年代", "arg": "2.2.5$%outrageous s$%可恶的年代$%EN2zh-CHS$%$%",         "icon": "icon.png"}
{"title": "outrageous schemes", "subtitle": "的计划", "arg": "2.2.5$%outrageous schemes$%的计划$%EN2zh-CHS$%$%",         "icon": "icon.png"}
{"title": "s", "subtitle": "年代", "arg": "2.2.5$%s$%年代$%EN2zh-CHS$%$%",         "icon": "icon.png"}
{"title": "schame", "subtitle": "schame", "arg": "2.2.5$%schame$%schame$%EN2zh-CHS$%$%",         "icon": "icon.png"}
{"title": "sc", "subtitle": "sc", "arg": "2.2.5$%sc$%sc$%EN2zh-CHS$%$%",         "icon": "icon.png"}
{"title": "scheme", "subtitle": "计划", "arg": "2.2.5$%scheme$%计划$%EN2zh-CHS$%$%",         "icon": "icon.png"}
{"title": "conventi", "subtitle": "conventi", "arg": "2.2.5$%conventi$%conventi$%EN2zh-CHS$%$%",         "icon": "icon.png"}
{"title": "conventional", "subtitle": "传统的", "arg": "2.2.5$%conventional$%传统的$%EN2zh-CHS$%$%",         "icon": "icon.png"}
{"title": "母语", "subtitle": "Mother tongue", "arg": "2.2.5$%母语$%Mother tongue$%zh-CHS2EN$%$%",         "icon": "icon.png"}
{"title": "signa", "subtitle": "标记", "arg": "2.2.5$%signa$%标记$%EN2zh-CHS$%$%",         "icon": "icon.png"}
{"title": "signafica", "subtitle": "signafica", "arg": "2.2.5$%signafica$%signafica$%EN2zh-CHS$%$%",         "icon": "icon.png"}
{"title": "重要的", "subtitle": "important", "arg": "2.2.5$%重要的$%important$%zh-CHS2EN$%$%",         "icon": "icon.png"}
{"title": "西方的", "subtitle": "In the west", "arg": "2.2.5$%西方的$%In the west$%zh-CHS2EN$%$%",         "icon": "icon.png"}
{"title": "困难", "subtitle": "difficult", "arg": "2.2.5$%困难$%difficult$%zh-CHS2EN$%$%",         "icon": "icon.png"}
{"title": "j", "subtitle": "j", "arg": "2.2.5$%j$%j$%EN2zh-CHS$%$%",         "icon": "icon.png"}
{"title": "交流", "subtitle": "communication", "arg": "2.2.5$%交流$%communication$%zh-CHS2EN$%$%",         "icon": "icon.png"}
{"title": "jkji", "subtitle": "jkji", "arg": "2.2.5$%jkji$%jkji$%EN2zh-CHS$%$%",         "icon": "icon.png"}
{"title": "经济", "subtitle": "economic", "arg": "2.2.5$%经济$%economic$%zh-CHS2EN$%$%",         "icon": "icon.png"}
{"title": "imporo", "subtitle": "imporo", "arg": "2.2.5$%imporo$%imporo$%EN2zh-CHS$%$%",         "icon": "icon.png"}
{"title": "impor", "subtitle": "作的", "arg": "2.2.5$%impor$%作的$%EN2zh-CHS$%$%",         "icon": "icon.png"}
{"title": "improment", "subtitle": "投入时", "arg": "2.2.5$%improment$%投入时$%EN2zh-CHS$%$%",         "icon": "icon.png"}
{"title": "impr", "subtitle": "impr", "arg": "2.2.5$%impr$%impr$%EN2zh-CHS$%$%",         "icon": "icon.png"}
{"title": "improvement", "subtitle": "改进", "arg": "2.2.5$%improvement$%改进$%EN2zh-CHS$%$%",         "icon": "icon.png"}
{"title": "accent", "subtitle": "口音", "arg": "2.2.5$%accent$%口音$%EN2zh-CHS$%$%",         "icon": "icon.png"}
{"title": "长寿", "subtitle": "longevity", "arg": "2.2.5$%长寿$%longevity$%zh-CHS2EN$%$%",         "icon": "icon.png"}
{"title": "wi", "subtitle": "wi", "arg": "2.2.5$%wi$%wi$%EN2zh-CHS$%$%",         "icon": "icon.png"}
{"title": "wild", "subtitle": "野生", "arg": "2.2.5$%wild$%野生$%EN2zh-CHS$%$%",         "icon": "icon.png"}
{"title": "wi", "subtitle": "wi", "arg": "2.2.5$%wi$%wi$%EN2zh-CHS$%$%",         "icon": "icon.png"}
{"title": "wide", "subtitle": "宽", "arg": "2.2.5$%wide$%宽$%EN2zh-CHS$%$%",         "icon": "icon.png"}
{"title": "widely", "subtitle": "广泛", "arg": "2.2.5$%widely$%广泛$%EN2zh-CHS$%$%",         "icon": "icon.png"}
{"title": "cru", "subtitle": "cru", "arg": "2.2.5$%cru$%cru$%EN2zh-CHS$%$%",         "icon": "icon.png"}
{"title": "crucial", "subtitle": "至关重要的", "arg": "2.2.5$%crucial$%至关重要的$%EN2zh-CHS$%$%",         "icon": "icon.png"}
{"title": "basis", "subtitle": "基础", "arg": "2.2.5$%basis$%基础$%EN2zh-CHS$%$%",         "icon": "icon.png"}
{"title": "prosper", "subtitle": "繁荣", "arg": "2.2.5$%prosper$%繁荣$%EN2zh-CHS$%$%",         "icon": "icon.png"}
{"title": "opera", "subtitle": "歌剧", "arg": "2.2.5$%opera$%歌剧$%EN2zh-CHS$%$%",         "icon": "icon.png"}
{"title": "戏剧", "subtitle": "drama", "arg": "2.2.5$%戏剧$%drama$%zh-CHS2EN$%$%",         "icon": "icon.png"}
{"title": "intersection", "subtitle": "十字路口", "arg": "2.2.5$%intersection$%十字路口$%EN2zh-CHS$%$%",         "icon": "icon.png"}
{"title": "exception", "subtitle": "异常", "arg": "2.2.5$%exception$%异常$%EN2zh-CHS$%$%",         "icon": "icon.png"}
{"title": "expect", "subtitle": "预计", "arg": "2.2.5$%expect$%预计$%EN2zh-CHS$%$%",         "icon": "icon.png"}
{"title": "except", "subtitle": "除了", "arg": "2.2.5$%except$%除了$%EN2zh-CHS$%$%",         "icon": "icon.png"}
{"title": "viable", "subtitle": "可行的", "arg": "2.2.5$%viable$%可行的$%EN2zh-CHS$%$%",         "icon": "icon.png"}
{"title": "feeb", "subtitle": "笨蛋", "arg": "2.2.5$%feeb$%笨蛋$%EN2zh-CHS$%$%",         "icon": "icon.png"}
{"title": "feeble", "subtitle": "微弱的", "arg": "2.2.5$%feeble$%微弱的$%EN2zh-CHS$%$%",         "icon": "icon.png"}
{"title": "fe", "subtitle": "菲", "arg": "2.2.5$%fe$%菲$%EN2zh-CHS$%$%",         "icon": "icon.png"}
{"title": "fessible", "subtitle": "fessible", "arg": "2.2.5$%fessible$%fessible$%EN2zh-CHS$%$%",         "icon": "icon.png"}
{"title": "feesible", "subtitle": "feesible", "arg": "2.2.5$%feesible$%feesible$%EN2zh-CHS$%$%",         "icon": "icon.png"}
{"title": "fes", "subtitle": "菲斯", "arg": "2.2.5$%fes$%菲斯$%EN2zh-CHS$%$%",         "icon": "icon.png"}
{"title": "fesb", "subtitle": "fesb", "arg": "2.2.5$%fesb$%fesb$%EN2zh-CHS$%$%",         "icon": "icon.png"}
{"title": "fesible", "subtitle": "可行的", "arg": "2.2.5$%fesible$%可行的$%EN2zh-CHS$%$%",         "icon": "icon.png"}
{"title": "可行的", "subtitle": "feasible", "arg": "2.2.5$%可行的$%feasible$%zh-CHS2EN$%$%",         "icon": "icon.png"}
{"title": "vender", "subtitle": "自动售货机", "arg": "2.2.5$%vender$%自动售货机$%EN2zh-CHS$%$%",         "icon": "icon.png"}
{"title": "yank", "subtitle": "猛地一拉", "arg": "2.2.5$%yank$%猛地一拉$%EN2zh-CHS$%$%",         "icon": "icon.png"}
{"title": "对应", "subtitle": "The corresponding", "arg": "2.2.5$%对应$%The corresponding$%zh-CHS2EN$%$%",         "icon": "icon.png"}
{"title": "enlarge", "subtitle": "扩大", "arg": "2.2.5$%enlarge$%扩大$%EN2zh-CHS$%$%",         "icon": "icon.png"}
{"title": "a", "subtitle": "一个", "arg": "2.2.5$%a$%一个$%EN2zh-CHS$%$%",         "icon": "icon.png"}
{"title": "apostrophes", "subtitle": "撇号", "arg": "2.2.5$%apostrophes$%撇号$%EN2zh-CHS$%$%",         "icon": "icon.png"}
{"title": "blowj", "subtitle": "blowj", "arg": "2.2.5$%blowj$%blowj$%EN2zh-CHS$%$%",         "icon": "icon.png"}
{"title": "blowjob", "subtitle": "口交", "arg": "2.2.5$%blowjob$%口交$%EN2zh-CHS$%$%",         "icon": "icon.png"}
{"title": "approximation", "subtitle": "近似", "arg": "2.2.5$%approximation$%近似$%EN2zh-CHS$%$%",         "icon": "icon.png"}
{"title": "overi", "subtitle": "overi", "arg": "2.2.5$%overi$%overi$%EN2zh-CHS$%$%",         "icon": "icon.png"}
{"title": "overide", "subtitle": "overide", "arg": "2.2.5$%overide$%overide$%EN2zh-CHS$%$%",         "icon": "icon.png"}
{"title": "oral", "subtitle": "口服", "arg": "2.2.5$%oral$%口服$%EN2zh-CHS$%$%",         "icon": "icon.png"}
{"title": "or", "subtitle": "或", "arg": "2.2.5$%or$%或$%EN2zh-CHS$%$%",         "icon": "icon.png"}
{"title": "orel", "subtitle": "奥廖尔", "arg": "2.2.5$%orel$%奥廖尔$%EN2zh-CHS$%$%",         "icon": "icon.png"}
{"title": "oral", "subtitle": "口服", "arg": "2.2.5$%oral$%口服$%EN2zh-CHS$%$%",         "icon": "icon.png"}
{"title": "principle", "subtitle": "原则", "arg": "2.2.5$%principle$%原则$%EN2zh-CHS$%$%",         "icon": "icon.png"}
{"title": "disc", "subtitle": "阀瓣", "arg": "2.2.5$%disc$%阀瓣$%EN2zh-CHS$%$%",         "icon": "icon.png"}
{"title": "discrepancy", "subtitle": "差异", "arg": "2.2.5$%discrepancy$%差异$%EN2zh-CHS$%$%",         "icon": "icon.png"}
{"title": "discrep", "subtitle": "discrep", "arg": "2.2.5$%discrep$%discrep$%EN2zh-CHS$%$%",         "icon": "icon.png"}
{"title": "discr", "subtitle": "discr", "arg": "2.2.5$%discr$%discr$%EN2zh-CHS$%$%",         "icon": "icon.png"}
{"title": "二范式", "subtitle": "The second paradigm", "arg": "2.2.5$%二范式$%The second paradigm$%zh-CHS2EN$%$%",         "icon": "icon.png"}
{"title": "sim", "subtitle": "sim卡", "arg": "2.2.5$%sim$%sim卡$%EN2zh-CHS$%$%",         "icon": "icon.png"}
{"title": "simpliation", "subtitle": "simpliation", "arg": "2.2.5$%simpliation$%simpliation$%EN2zh-CHS$%$%",         "icon": "icon.png"}
{"title": "简化", "subtitle": "To simplify the", "arg": "2.2.5$%简化$%To simplify the$%zh-CHS2EN$%$%",         "icon": "icon.png"}
{"title": "[数] simplification", "subtitle": "[number] simplification", "arg": "2.2.5$%[数] simplification$%[number] simplification$%zh-CHS2EN$%$%",         "icon": "icon.png"}
{"title": "simplification", "subtitle": "简化", "arg": "2.2.5$%simplification$%简化$%EN2zh-CHS$%$%",         "icon": "icon.png"}
{"title": "第二范式", "subtitle": "The second paradigm", "arg": "2.2.5$%第二范式$%The second paradigm$%zh-CHS2EN$%$%",         "icon": "icon.png"}
{"title": "tone", "subtitle": "语气", "arg": "2.2.5$%tone$%语气$%EN2zh-CHS$%$%",         "icon": "icon.png"}
{"title": "t", "subtitle": "t", "arg": "2.2.5$%t$%t$%EN2zh-CHS$%$%",         "icon": "icon.png"}
{"title": "HDR tone mapping", "subtitle": "HDR色调映射", "arg": "2.2.5$%HDR tone mapping$%HDR色调映射$%EN2zh-CHS$%$%",         "icon": "icon.png"}
{"title": "colorization", "subtitle": "彩色化", "arg": "2.2.5$%colorization$%彩色化$%EN2zh-CHS$%$%",         "icon": "icon.png"}
{"title": "blue", "subtitle": "蓝色的", "arg": "2.2.5$%blue$%蓝色的$%EN2zh-CHS$%$%",         "icon": "icon.png"}
{"title": "blueforce", "subtitle": "blueforce", "arg": "2.2.5$%blueforce$%blueforce$%EN2zh-CHS$%$%",         "icon": "icon.png"}
{"title": "bluforce", "subtitle": "bluforce", "arg": "2.2.5$%bluforce$%bluforce$%EN2zh-CHS$%$%",         "icon": "icon.png"}
{"title": "暴力", "subtitle": "violence", "arg": "2.2.5$%暴力$%violence$%zh-CHS2EN$%$%",         "icon": "icon.png"}
{"title": "volumn", "subtitle": "抑扬顿挫", "arg": "2.2.5$%volumn$%抑扬顿挫$%EN2zh-CHS$%$%",         "icon": "icon.png"}
{"title": "pointer-word", "subtitle": "pointer-word", "arg": "2.2.5$%pointer-word$%pointer-word$%EN2zh-CHS$%$%",         "icon": "icon.png"}
{"title": "callee", "subtitle": "被", "arg": "2.2.5$%callee$%被$%EN2zh-CHS$%$%",         "icon": "icon.png"}
{"title": "立即数", "subtitle": "The number immediately", "arg": "2.2.5$%立即数$%The number immediately$%zh-CHS2EN$%$%",         "icon": "icon.png"}
{"title": "deprec", "subtitle": "deprec", "arg": "2.2.5$%deprec$%deprec$%EN2zh-CHS$%$%",         "icon": "icon.png"}
{"title": "deprected", "subtitle": "deprected", "arg": "2.2.5$%deprected$%deprected$%EN2zh-CHS$%$%",         "icon": "icon.png"}
{"title": "deprec", "subtitle": "deprec", "arg": "2.2.5$%deprec$%deprec$%EN2zh-CHS$%$%",         "icon": "icon.png"}
{"title": "deprecated", "subtitle": "弃用", "arg": "2.2.5$%deprecated$%弃用$%EN2zh-CHS$%$%",         "icon": "icon.png"}
{"title": "no hyphen", "subtitle": "没有连字符", "arg": "2.2.5$%no hyphen$%没有连字符$%EN2zh-CHS$%$%",         "icon": "icon.png"}
{"title": "no", "subtitle": "没有", "arg": "2.2.5$%no$%没有$%EN2zh-CHS$%$%",         "icon": "icon.png"}
{"title": "no underscore", "subtitle": "没有强调", "arg": "2.2.5$%no underscore$%没有强调$%EN2zh-CHS$%$%",         "icon": "icon.png"}
{"title": "coherence", "subtitle": "一致性", "arg": "2.2.5$%coherence$%一致性$%EN2zh-CHS$%$%",         "icon": "icon.png"}
{"title": "shallow", "subtitle": "浅", "arg": "2.2.5$%shallow$%浅$%EN2zh-CHS$%$%",         "icon": "icon.png"}
{"title": "pa", "subtitle": "巴勒斯坦权力机构", "arg": "2.2.5$%pa$%巴勒斯坦权力机构$%EN2zh-CHS$%$%",         "icon": "icon.png"}
{"title": "pattern", "subtitle": "模式", "arg": "2.2.5$%pattern$%模式$%EN2zh-CHS$%$%",         "icon": "icon.png"}
{"title": "humidity", "subtitle": "湿度", "arg": "2.2.5$%humidity$%湿度$%EN2zh-CHS$%$%",         "icon": "icon.png"}
{"title": "promot", "subtitle": "推广应用", "arg": "2.2.5$%promot$%推广应用$%EN2zh-CHS$%$%",         "icon": "icon.png"}
{"title": "promt", "subtitle": "promt", "arg": "2.2.5$%promt$%promt$%EN2zh-CHS$%$%",         "icon": "icon.png"}
{"title": "p", "subtitle": "p", "arg": "2.2.5$%p$%p$%EN2zh-CHS$%$%",         "icon": "icon.png"}
{"title": "命令提示符", "subtitle": "The command prompt", "arg": "2.2.5$%命令提示符$%The command prompt$%zh-CHS2EN$%$%",         "icon": "icon.png"}
{"title": "pro", "subtitle": "箴", "arg": "2.2.5$%pro$%箴$%EN2zh-CHS$%$%",         "icon": "icon.png"}
{"title": "prompt", "subtitle": "提示", "arg": "2.2.5$%prompt$%提示$%EN2zh-CHS$%$%",         "icon": "icon.png"}
{"title": "spatial", "subtitle": "空间", "arg": "2.2.5$%spatial$%空间$%EN2zh-CHS$%$%",         "icon": "icon.png"}
{"title": "aerial", "subtitle": "空中", "arg": "2.2.5$%aerial$%空中$%EN2zh-CHS$%$%",         "icon": "icon.png"}
{"title": "round", "subtitle": "轮", "arg": "2.2.5$%round$%轮$%EN2zh-CHS$%$%",         "icon": "icon.png"}
{"title": "devise", "subtitle": "设计", "arg": "2.2.5$%devise$%设计$%EN2zh-CHS$%$%",         "icon": "icon.png"}
{"title": "notch", "subtitle": "切口", "arg": "2.2.5$%notch$%切口$%EN2zh-CHS$%$%",         "icon": "icon.png"}
{"title": "notch", "subtitle": "切口", "arg": "2.2.5$%notch$%切口$%EN2zh-CHS$%$%",         "icon": "icon.png"}
{"title": "objective", "subtitle": "客观的", "arg": "2.2.5$%objective$%客观的$%EN2zh-CHS$%$%",         "icon": "icon.png"}
{"title": "publication", "subtitle": "出版", "arg": "2.2.5$%publication$%出版$%EN2zh-CHS$%$%",         "icon": "icon.png"}
{"title": "augmentation", "subtitle": "增加", "arg": "2.2.5$%augmentation$%增加$%EN2zh-CHS$%$%",         "icon": "icon.png"}
{"title": "dilated", "subtitle": "扩张", "arg": "2.2.5$%dilated$%扩张$%EN2zh-CHS$%$%",         "icon": "icon.png"}
{"title": "nesterov", "subtitle": "nesterov", "arg": "2.2.5$%nesterov$%nesterov$%EN2zh-CHS$%$%",         "icon": "icon.png"}
{"title": "tenure", "subtitle": "任期内", "arg": "2.2.5$%tenure$%任期内$%EN2zh-CHS$%$%",         "icon": "icon.png"}
{"title": "tenure-track", "subtitle": "终身职位的", "arg": "2.2.5$%tenure-track$%终身职位的$%EN2zh-CHS$%$%",         "icon": "icon.png"}
{"title": "empir", "subtitle": "empir", "arg": "2.2.5$%empir$%empir$%EN2zh-CHS$%$%",         "icon": "icon.png"}
{"title": "empirc", "subtitle": "empirc", "arg": "2.2.5$%empirc$%empirc$%EN2zh-CHS$%$%",         "icon": "icon.png"}
{"title": "empirc", "subtitle": "empirc", "arg": "2.2.5$%empirc$%empirc$%EN2zh-CHS$%$%",         "icon": "icon.png"}
{"title": "empir", "subtitle": "empir", "arg": "2.2.5$%empir$%empir$%EN2zh-CHS$%$%",         "icon": "icon.png"}
{"title": "empirical", "subtitle": "经验", "arg": "2.2.5$%empirical$%经验$%EN2zh-CHS$%$%",         "icon": "icon.png"}
{"title": "tenure-track", "subtitle": "终身职位的", "arg": "2.2.5$%tenure-track$%终身职位的$%EN2zh-CHS$%$%",         "icon": "icon.png"}
{"title": "dhqm", "subtitle": "dhqm", "arg": "2.2.5$%dhqm$%dhqm$%EN2zh-CHS$%$%",         "icon": "icon.png"}
{"title": "当前目录下", "subtitle": "The current directory", "arg": "2.2.5$%当前目录下$%The current directory$%zh-CHS2EN$%$%",         "icon": "icon.png"}
{"title": "asdf", "subtitle": "asdf", "arg": "2.2.5$%asdf$%asdf$%EN2zh-CHS$%$%",         "icon": "icon.png"}
{"title": "express installation", "subtitle": "快速安装", "arg": "2.2.5$%express installation$%快速安装$%EN2zh-CHS$%$%",         "icon": "icon.png"}
{"title": "deny", "subtitle": "否认", "arg": "2.2.5$%deny$%否认$%EN2zh-CHS$%$%",         "icon": "icon.png"}
{"title": "推迟", "subtitle": "delay", "arg": "2.2.5$%推迟$%delay$%zh-CHS2EN$%$%",         "icon": "icon.png"}
{"title": "jm", "subtitle": "jm", "arg": "2.2.5$%jm$%jm$%EN2zh-CHS$%$%",         "icon": "icon.png"}
{"title": "检测", "subtitle": "detection", "arg": "2.2.5$%检测$%detection$%zh-CHS2EN$%$%",         "icon": "icon.png"}
{"title": "git", "subtitle": "git", "arg": "2.2.5$%git$%git$%EN2zh-CHS$%$%",         "icon": "icon.png"}
{"title": "git rid of", "subtitle": "git摆脱", "arg": "2.2.5$%git rid of$%git摆脱$%EN2zh-CHS$%$%",         "icon": "icon.png"}
{"title": "a", "subtitle": "一个", "arg": "2.2.5$%a$%一个$%EN2zh-CHS$%$%",         "icon": "icon.png"}
{"title": "按需", "subtitle": "On demand", "arg": "2.2.5$%按需$%On demand$%zh-CHS2EN$%$%",         "icon": "icon.png"}
{"title": "按需引用", "subtitle": "On-demand reference", "arg": "2.2.5$%按需引用$%On-demand reference$%zh-CHS2EN$%$%",         "icon": "icon.png"}
{"title": "多出的部分", "subtitle": "The extra parts", "arg": "2.2.5$%多出的部分$%The extra parts$%zh-CHS2EN$%$%",         "icon": "icon.png"}
{"title": "省略号", "subtitle": "ellipsis", "arg": "2.2.5$%省略号$%ellipsis$%zh-CHS2EN$%$%",         "icon": "icon.png"}
{"title": "环境", "subtitle": "The environment", "arg": "2.2.5$%环境$%The environment$%zh-CHS2EN$%$%",         "icon": "icon.png"}
{"title": "抽象", "subtitle": "abstract", "arg": "2.2.5$%抽象$%abstract$%zh-CHS2EN$%$%",         "icon": "icon.png"}
{"title": "非默认", "subtitle": "The default", "arg": "2.2.5$%非默认$%The default$%zh-CHS2EN$%$%",         "icon": "icon.png"}
{"title": "非默认的", "subtitle": "The default", "arg": "2.2.5$%非默认的$%The default$%zh-CHS2EN$%$%",         "icon": "icon.png"}
{"title": "非默认", "subtitle": "The default", "arg": "2.2.5$%非默认$%The default$%zh-CHS2EN$%$%",         "icon": "icon.png"}
{"title": "undefault", "subtitle": "undefault", "arg": "2.2.5$%undefault$%undefault$%EN2zh-CHS$%$%",         "icon": "icon.png"}
{"title": "serious", "subtitle": "严重的", "arg": "2.2.5$%serious$%严重的$%EN2zh-CHS$%$%",         "icon": "icon.png"}
{"title": "series", "subtitle": "系列", "arg": "2.2.5$%series$%系列$%EN2zh-CHS$%$%",         "icon": "icon.png"}
{"title": "现场", "subtitle": "The scene", "arg": "2.2.5$%现场$%The scene$%zh-CHS2EN$%$%",         "icon": "icon.png"}
{"title": "multitask", "subtitle": "多任务", "arg": "2.2.5$%multitask$%多任务$%EN2zh-CHS$%$%",         "icon": "icon.png"}
{"title": "已申请", "subtitle": "Has applied for", "arg": "2.2.5$%已申请$%Has applied for$%zh-CHS2EN$%$%",         "icon": "icon.png"}
{"title": "退出", "subtitle": "exit", "arg": "2.2.5$%退出$%exit$%zh-CHS2EN$%$%",         "icon": "icon.png"}
{"title": "退出", "subtitle": "exit", "arg": "2.2.5$%退出$%exit$%zh-CHS2EN$%$%",         "icon": "icon.png"}
{"title": "退出用户组", "subtitle": "Exit the user group", "arg": "2.2.5$%退出用户组$%Exit the user group$%zh-CHS2EN$%$%",         "icon": "icon.png"}
{"title": "you have not joined any groups", "subtitle": "你还没有加入任何组织", "arg": "2.2.5$%you have not joined any groups$%你还没有加入任何组织$%EN2zh-CHS$%$%",         "icon": "icon.png"}
{"title": "完善", "subtitle": "perfect", "arg": "2.2.5$%完善$%perfect$%zh-CHS2EN$%$%",         "icon": "icon.png"}
{"title": "cr", "subtitle": "cr", "arg": "2.2.5$%cr$%cr$%EN2zh-CHS$%$%",         "icon": "icon.png"}
{"title": "created", "subtitle": "创建", "arg": "2.2.5$%created$%创建$%EN2zh-CHS$%$%",         "icon": "icon.png"}
{"title": "对接接口", "subtitle": "Docking interface", "arg": "2.2.5$%对接接口$%Docking interface$%zh-CHS2EN$%$%",         "icon": "icon.png"}
{"title": "需要审核", "subtitle": "Need to review", "arg": "2.2.5$%需要审核$%Need to review$%zh-CHS2EN$%$%",         "icon": "icon.png"}
{"title": "管理员", "subtitle": "The administrator", "arg": "2.2.5$%管理员$%The administrator$%zh-CHS2EN$%$%",         "icon": "icon.png"}
{"title": "需要", "subtitle": "Need to be", "arg": "2.2.5$%需要$%Need to be$%zh-CHS2EN$%$%",         "icon": "icon.png"}
{"title": "需要管理员", "subtitle": "Need administrator", "arg": "2.2.5$%需要管理员$%Need administrator$%zh-CHS2EN$%$%",         "icon": "icon.png"}
{"title": "需要管理员审核", "subtitle": "Need the administrator audit", "arg": "2.2.5$%需要管理员审核$%Need the administrator audit$%zh-CHS2EN$%$%",         "icon": "icon.png"}
{"title": "dis", "subtitle": "说", "arg": "2.2.5$%dis$%说$%EN2zh-CHS$%$%",         "icon": "icon.png"}
{"title": "dismiss", "subtitle": "驳回", "arg": "2.2.5$%dismiss$%驳回$%EN2zh-CHS$%$%",         "icon": "icon.png"}
{"title": "申请列表", "subtitle": "To apply for the list", "arg": "2.2.5$%申请列表$%To apply for the list$%zh-CHS2EN$%$%",         "icon": "icon.png"}
{"title": "vr", "subtitle": "虚拟现实", "arg": "2.2.5$%vr$%虚拟现实$%EN2zh-CHS$%$%",         "icon": "icon.png"}
{"title": "v", "subtitle": "v", "arg": "2.2.5$%v$%v$%EN2zh-CHS$%$%",         "icon": "icon.png"}
{"title": "vrr", "subtitle": "vrr", "arg": "2.2.5$%vrr$%vrr$%EN2zh-CHS$%$%",         "icon": "icon.png"}
{"title": "vr", "subtitle": "虚拟现实", "arg": "2.2.5$%vr$%虚拟现实$%EN2zh-CHS$%$%",         "icon": "icon.png"}
{"title": "转让", "subtitle": "The transfer", "arg": "2.2.5$%转让$%The transfer$%zh-CHS2EN$%$%",         "icon": "icon.png"}
{"title": "manual", "subtitle": "手册", "arg": "2.2.5$%manual$%手册$%EN2zh-CHS$%$%",         "icon": "icon.png"}
{"title": "人工的", "subtitle": "artificial", "arg": "2.2.5$%人工的$%artificial$%zh-CHS2EN$%$%",         "icon": "icon.png"}
{"title": "manual", "subtitle": "手册", "arg": "2.2.5$%manual$%手册$%EN2zh-CHS$%$%",         "icon": "icon.png"}
{"title": "blur", "subtitle": "模糊", "arg": "2.2.5$%blur$%模糊$%EN2zh-CHS$%$%",         "icon": "icon.png"}
{"title": "blur", "subtitle": "模糊", "arg": "2.2.5$%blur$%模糊$%EN2zh-CHS$%$%",         "icon": "icon.png"}
{"title": "refactor", "subtitle": "重构", "arg": "2.2.5$%refactor$%重构$%EN2zh-CHS$%$%",         "icon": "icon.png"}
{"title": "隔离", "subtitle": "isolation", "arg": "2.2.5$%隔离$%isolation$%zh-CHS2EN$%$%",         "icon": "icon.png"}
{"title": "这些组里的成员", "subtitle": "The members of the group", "arg": "2.2.5$%这些组里的成员$%The members of the group$%zh-CHS2EN$%$%",         "icon": "icon.png"}
{"title": "these", "subtitle": "这些", "arg": "2.2.5$%these$%这些$%EN2zh-CHS$%$%",         "icon": "icon.png"}
{"title": "a seri", "subtitle": "一个三星", "arg": "2.2.5$%a seri$%一个三星$%EN2zh-CHS$%$%",         "icon": "icon.png"}
{"title": "a series of bugs", "subtitle": "一系列的错误", "arg": "2.2.5$%a series of bugs$%一系列的错误$%EN2zh-CHS$%$%",         "icon": "icon.png"}
{"title": "semantic", "subtitle": "语义", "arg": "2.2.5$%semantic$%语义$%EN2zh-CHS$%$%",         "icon": "icon.png"}
{"title": "cyan", "subtitle": "青色", "arg": "2.2.5$%cyan$%青色$%EN2zh-CHS$%$%",         "icon": "icon.png"}
{"title": "blob", "subtitle": "团", "arg": "2.2.5$%blob$%团$%EN2zh-CHS$%$%",         "icon": "icon.png"}
{"title": "trampoline", "subtitle": "蹦床", "arg": "2.2.5$%trampoline$%蹦床$%EN2zh-CHS$%$%",         "icon": "icon.png"}
{"title": "mainstream", "subtitle": "主流", "arg": "2.2.5$%mainstream$%主流$%EN2zh-CHS$%$%",         "icon": "icon.png"}
{"title": "incurs", "subtitle": "会导致", "arg": "2.2.5$%incurs$%会导致$%EN2zh-CHS$%$%",         "icon": "icon.png"}
{"title": "incur", "subtitle": "承担", "arg": "2.2.5$%incur$%承担$%EN2zh-CHS$%$%",         "icon": "icon.png"}
{"title": "respect to", "subtitle": "对", "arg": "2.2.5$%respect to$%对$%EN2zh-CHS$%$%",         "icon": "icon.png"}
{"title": "loworder", "subtitle": "loworder", "arg": "2.2.5$%loworder$%loworder$%EN2zh-CHS$%$%",         "icon": "icon.png"}
{"title": "just a small typo", "subtitle": "只是一个小错误", "arg": "2.2.5$%just a small typo$%只是一个小错误$%EN2zh-CHS$%$%",         "icon": "icon.png"}
{"title": "carry", "subtitle": "携带", "arg": "2.2.5$%carry$%携带$%EN2zh-CHS$%$%",         "icon": "icon.png"}
{"title": "carry", "subtitle": "携带", "arg": "2.2.5$%carry$%携带$%EN2zh-CHS$%$%",         "icon": "icon.png"}
{"title": "carry condition", "subtitle": "携带条件", "arg": "2.2.5$%carry condition$%携带条件$%EN2zh-CHS$%$%",         "icon": "icon.png"}
{"title": "profile", "subtitle": "配置文件", "arg": "2.2.5$%profile$%配置文件$%EN2zh-CHS$%$%",         "icon": "icon.png"}
{"title": "maxi", "subtitle": "马克西", "arg": "2.2.5$%maxi$%马克西$%EN2zh-CHS$%$%",         "icon": "icon.png"}
{"title": "maximum", "subtitle": "最大", "arg": "2.2.5$%maximum$%最大$%EN2zh-CHS$%$%",         "icon": "icon.png"}
{"title": "最大", "subtitle": "The biggest", "arg": "2.2.5$%最大$%The biggest$%zh-CHS2EN$%$%",         "icon": "icon.png"}
{"title": "最大的", "subtitle": "One of the biggest", "arg": "2.2.5$%最大的$%One of the biggest$%zh-CHS2EN$%$%",         "icon": "icon.png"}
{"title": "maximal", "subtitle": "最大", "arg": "2.2.5$%maximal$%最大$%EN2zh-CHS$%$%",         "icon": "icon.png"}
{"title": "unreachable", "subtitle": "遥不可及的", "arg": "2.2.5$%unreachable$%遥不可及的$%EN2zh-CHS$%$%",         "icon": "icon.png"}
{"title": "trampo", "subtitle": "trampo", "arg": "2.2.5$%trampo$%trampo$%EN2zh-CHS$%$%",         "icon": "icon.png"}
{"title": "trampoline", "subtitle": "蹦床", "arg": "2.2.5$%trampoline$%蹦床$%EN2zh-CHS$%$%",         "icon": "icon.png"}
{"title": "无用的", "subtitle": "useless", "arg": "2.2.5$%无用的$%useless$%zh-CHS2EN$%$%",         "icon": "icon.png"}
{"title": "terminology", "subtitle": "术语", "arg": "2.2.5$%terminology$%术语$%EN2zh-CHS$%$%",         "icon": "icon.png"}
{"title": "bi", "subtitle": "bi", "arg": "2.2.5$%bi$%bi$%EN2zh-CHS$%$%",         "icon": "icon.png"}
{"title": "biased", "subtitle": "有偏见的", "arg": "2.2.5$%biased$%有偏见的$%EN2zh-CHS$%$%",         "icon": "icon.png"}
{"title": "profiles", "subtitle": "配置文件", "arg": "2.2.5$%profiles$%配置文件$%EN2zh-CHS$%$%",         "icon": "icon.png"}
{"title": "ob", "subtitle": "ob", "arg": "2.2.5$%ob$%ob$%EN2zh-CHS$%$%",         "icon": "icon.png"}
{"title": "obsolete", "subtitle": "过时了", "arg": "2.2.5$%obsolete$%过时了$%EN2zh-CHS$%$%",         "icon": "icon.png"}
{"title": "obsolete", "subtitle": "过时了", "arg": "2.2.5$%obsolete$%过时了$%EN2zh-CHS$%$%",         "icon": "icon.png"}
{"title": "typica", "subtitle": "迪比卡", "arg": "2.2.5$%typica$%迪比卡$%EN2zh-CHS$%$%",         "icon": "icon.png"}
{"title": "typicaly", "subtitle": "迪比卡", "arg": "2.2.5$%typicaly$%迪比卡$%EN2zh-CHS$%$%",         "icon": "icon.png"}
{"title": "typically", "subtitle": "通常", "arg": "2.2.5$%typically$%通常$%EN2zh-CHS$%$%",         "icon": "icon.png"}
{"title": "privilege", "subtitle": "特权", "arg": "2.2.5$%privilege$%特权$%EN2zh-CHS$%$%",         "icon": "icon.png"}
{"title": "POSIX", "subtitle": "POSIX", "arg": "2.2.5$%POSIX$%POSIX$%EN2zh-CHS$%$%",         "icon": "icon.png"}
{"title": "ii", "subtitle": "2", "arg": "2.2.5$%ii$%2$%EN2zh-CHS$%$%",         "icon": "icon.png"}
{"title": "illegel", "subtitle": "illegel", "arg": "2.2.5$%illegel$%illegel$%EN2zh-CHS$%$%",         "icon": "icon.png"}
{"title": "illege", "subtitle": "illege", "arg": "2.2.5$%illege$%illege$%EN2zh-CHS$%$%",         "icon": "icon.png"}
{"title": "illegal", "subtitle": "非法", "arg": "2.2.5$%illegal$%非法$%EN2zh-CHS$%$%",         "icon": "icon.png"}
{"title": "supervisor", "subtitle": "主管", "arg": "2.2.5$%supervisor$%主管$%EN2zh-CHS$%$%",         "icon": "icon.png"}
{"title": "adapt", "subtitle": "适应", "arg": "2.2.5$%adapt$%适应$%EN2zh-CHS$%$%",         "icon": "icon.png"}
{"title": "trible", "subtitle": "trible", "arg": "2.2.5$%trible$%trible$%EN2zh-CHS$%$%",         "icon": "icon.png"}
{"title": "quited", "subtitle": "辞了", "arg": "2.2.5$%quited$%辞了$%EN2zh-CHS$%$%",         "icon": "icon.png"}
{"title": "quit", "subtitle": "辞职", "arg": "2.2.5$%quit$%辞职$%EN2zh-CHS$%$%",         "icon": "icon.png"}
{"title": "已退出", "subtitle": "Have withdrawn from the", "arg": "2.2.5$%已退出$%Have withdrawn from the$%zh-CHS2EN$%$%",         "icon": "icon.png"}
{"title": "oref", "subtitle": "oref", "arg": "2.2.5$%oref$%oref$%EN2zh-CHS$%$%",         "icon": "icon.png"}
{"title": "prefixx", "subtitle": "prefixx", "arg": "2.2.5$%prefixx$%prefixx$%EN2zh-CHS$%$%",         "icon": "icon.png"}
{"title": "prefi", "subtitle": "预", "arg": "2.2.5$%prefi$%预$%EN2zh-CHS$%$%",         "icon": "icon.png"}
{"title": "prefix", "subtitle": "前缀", "arg": "2.2.5$%prefix$%前缀$%EN2zh-CHS$%$%",         "icon": "icon.png"}
{"title": "移植", "subtitle": "transplant", "arg": "2.2.5$%移植$%transplant$%zh-CHS2EN$%$%",         "icon": "icon.png"}
{"title": "routine", "subtitle": "例程", "arg": "2.2.5$%routine$%例程$%EN2zh-CHS$%$%",         "icon": "icon.png"}
{"title": "指定", "subtitle": "The specified", "arg": "2.2.5$%指定$%The specified$%zh-CHS2EN$%$%",         "icon": "icon.png"}
{"title": "sepecify", "subtitle": "sepecify", "arg": "2.2.5$%sepecify$%sepecify$%EN2zh-CHS$%$%",         "icon": "icon.png"}
{"title": "sepecific", "subtitle": "sepecific", "arg": "2.2.5$%sepecific$%sepecific$%EN2zh-CHS$%$%",         "icon": "icon.png"}
{"title": "sepecif", "subtitle": "sepecif", "arg": "2.2.5$%sepecif$%sepecif$%EN2zh-CHS$%$%",         "icon": "icon.png"}
{"title": "sepeci", "subtitle": "sepeci", "arg": "2.2.5$%sepeci$%sepeci$%EN2zh-CHS$%$%",         "icon": "icon.png"}
{"title": "指定", "subtitle": "The specified", "arg": "2.2.5$%指定$%The specified$%zh-CHS2EN$%$%",         "icon": "icon.png"}
{"title": "指定文件", "subtitle": "The specified file", "arg": "2.2.5$%指定文件$%The specified file$%zh-CHS2EN$%$%",         "icon": "icon.png"}
{"title": "指定", "subtitle": "The specified", "arg": "2.2.5$%指定$%The specified$%zh-CHS2EN$%$%",         "icon": "icon.png"}
{"title": "指定目录", "subtitle": "The specified directory", "arg": "2.2.5$%指定目录$%The specified directory$%zh-CHS2EN$%$%",         "icon": "icon.png"}
{"title": "speci", "subtitle": "speci", "arg": "2.2.5$%speci$%speci$%EN2zh-CHS$%$%",         "icon": "icon.png"}
{"title": "specific", "subtitle": "具体的", "arg": "2.2.5$%specific$%具体的$%EN2zh-CHS$%$%",         "icon": "icon.png"}
{"title": "specif", "subtitle": "specif", "arg": "2.2.5$%specif$%specif$%EN2zh-CHS$%$%",         "icon": "icon.png"}
{"title": "specify", "subtitle": "指定", "arg": "2.2.5$%specify$%指定$%EN2zh-CHS$%$%",         "icon": "icon.png"}
{"title": "commence", "subtitle": "开始", "arg": "2.2.5$%commence$%开始$%EN2zh-CHS$%$%",         "icon": "icon.png"}
{"title": "31", "subtitle": "31", "arg": "2.2.5$%31$%31$%EN2zh-CHS$%$%",         "icon": "icon.png"}
{"title": "316004", "subtitle": "316004", "arg": "2.2.5$%316004$%316004$%EN2zh-CHS$%$%",         "icon": "icon.png"}
{"title": "overhead", "subtitle": "开销", "arg": "2.2.5$%overhead$%开销$%EN2zh-CHS$%$%",         "icon": "icon.png"}
{"title": "basically", "subtitle": "基本上", "arg": "2.2.5$%basically$%基本上$%EN2zh-CHS$%$%",         "icon": "icon.png"}
{"title": "overwrite", "subtitle": "覆盖", "arg": "2.2.5$%overwrite$%覆盖$%EN2zh-CHS$%$%",         "icon": "icon.png"}
{"title": "issue", "subtitle": "问题", "arg": "2.2.5$%issue$%问题$%EN2zh-CHS$%$%",         "icon": "icon.png"}
{"title": "successfuly", "subtitle": "是否成功", "arg": "2.2.5$%successfuly$%是否成功$%EN2zh-CHS$%$%",         "icon": "icon.png"}
{"title": "斐波那契", "subtitle": "Fibonacci", "arg": "2.2.5$%斐波那契$%Fibonacci$%zh-CHS2EN$%$%",         "icon": "icon.png"}
{"title": "static", "subtitle": "静态", "arg": "2.2.5$%static$%静态$%EN2zh-CHS$%$%",         "icon": "icon.png"}
{"title": "handling", "subtitle": "处理", "arg": "2.2.5$%handling$%处理$%EN2zh-CHS$%$%",         "icon": "icon.png"}
{"title": "辣鸡", "subtitle": "Spicy chicken", "arg": "2.2.5$%辣鸡$%Spicy chicken$%zh-CHS2EN$%$%",         "icon": "icon.png"}
{"title": "垃圾", "subtitle": "The garbage", "arg": "2.2.5$%垃圾$%The garbage$%zh-CHS2EN$%$%",         "icon": "icon.png"}
{"title": "parament", "subtitle": "祭台布", "arg": "2.2.5$%parament$%祭台布$%EN2zh-CHS$%$%",         "icon": "icon.png"}
{"title": "参数", "subtitle": "parameter", "arg": "2.2.5$%参数$%parameter$%zh-CHS2EN$%$%",         "icon": "icon.png"}
{"title": "parameter", "subtitle": "参数", "arg": "2.2.5$%parameter$%参数$%EN2zh-CHS$%$%",         "icon": "icon.png"}
{"title": "nio", "subtitle": "nio", "arg": "2.2.5$%nio$%nio$%EN2zh-CHS$%$%",         "icon": "icon.png"}
{"title": "bleeding-edge", "subtitle": "高新技术", "arg": "2.2.5$%bleeding-edge$%高新技术$%EN2zh-CHS$%$%",         "icon": "icon.png"}
{"title": "undergraduate", "subtitle": "本科", "arg": "2.2.5$%undergraduate$%本科$%EN2zh-CHS$%$%",         "icon": "icon.png"}
{"title": "undergraduate", "subtitle": "本科", "arg": "2.2.5$%undergraduate$%本科$%EN2zh-CHS$%$%",         "icon": "icon.png"}
{"title": "undergraduate", "subtitle": "本科", "arg": "2.2.5$%undergraduate$%本科$%EN2zh-CHS$%$%",         "icon": "icon.png"}
{"title": "vendor", "subtitle": "供应商", "arg": "2.2.5$%vendor$%供应商$%EN2zh-CHS$%$%",         "icon": "icon.png"}
{"title": "port", "subtitle": "港口", "arg": "2.2.5$%port$%港口$%EN2zh-CHS$%$%",         "icon": "icon.png"}
{"title": "porting", "subtitle": "移植", "arg": "2.2.5$%porting$%移植$%EN2zh-CHS$%$%",         "icon": "icon.png"}
{"title": "port", "subtitle": "港口", "arg": "2.2.5$%port$%港口$%EN2zh-CHS$%$%",         "icon": "icon.png"}
{"title": "ported", "subtitle": "移植", "arg": "2.2.5$%ported$%移植$%EN2zh-CHS$%$%",         "icon": "icon.png"}
{"title": "遵循", "subtitle": "follow", "arg": "2.2.5$%遵循$%follow$%zh-CHS2EN$%$%",         "icon": "icon.png"}
{"title": "i", "subtitle": "我", "arg": "2.2.5$%i$%我$%EN2zh-CHS$%$%",         "icon": "icon.png"}
{"title": "ub", "subtitle": "乌兰巴托", "arg": "2.2.5$%ub$%乌兰巴托$%EN2zh-CHS$%$%",         "icon": "icon.png"}
{"title": "indicate", "subtitle": "表明", "arg": "2.2.5$%indicate$%表明$%EN2zh-CHS$%$%",         "icon": "icon.png"}
{"title": "根据你的", "subtitle": "According to your", "arg": "2.2.5$%根据你的$%According to your$%zh-CHS2EN$%$%",         "icon": "icon.png"}
{"title": "根据你的实际情况", "subtitle": "According to your actual situation", "arg": "2.2.5$%根据你的实际情况$%According to your actual situation$%zh-CHS2EN$%$%",         "icon": "icon.png"}
{"title": "根据你的实际情况进行修改", "subtitle": "According to the actual situation of your modifications", "arg": "2.2.5$%根据你的实际情况进行修改$%According to the actual situation of your modifications$%zh-CHS2EN$%$%",         "icon": "icon.png"}
{"title": "根据你的实际情况修改", "subtitle": "According to the actual situation of your modifications", "arg": "2.2.5$%根据你的实际情况修改$%According to the actual situation of your modifications$%zh-CHS2EN$%$%",         "icon": "icon.png"}
{"title": "根据你的实际情况来修改", "subtitle": "According to your actual situation to modify", "arg": "2.2.5$%根据你的实际情况来修改$%According to your actual situation to modify$%zh-CHS2EN$%$%",         "icon": "icon.png"}
{"title": "situation", "subtitle": "情况", "arg": "2.2.5$%situation$%情况$%EN2zh-CHS$%$%",         "icon": "icon.png"}
{"title": "modify", "subtitle": "修改", "arg": "2.2.5$%modify$%修改$%EN2zh-CHS$%$%",         "icon": "icon.png"}
{"title": "located", "subtitle": "位于", "arg": "2.2.5$%located$%位于$%EN2zh-CHS$%$%",         "icon": "icon.png"}
{"title": "pro", "subtitle": "箴", "arg": "2.2.5$%pro$%箴$%EN2zh-CHS$%$%",         "icon": "icon.png"}
{"title": "prop", "subtitle": "道具", "arg": "2.2.5$%prop$%道具$%EN2zh-CHS$%$%",         "icon": "icon.png"}
{"title": "proposel", "subtitle": "proposel", "arg": "2.2.5$%proposel$%proposel$%EN2zh-CHS$%$%",         "icon": "icon.png"}
{"title": "propo", "subtitle": "propo", "arg": "2.2.5$%propo$%propo$%EN2zh-CHS$%$%",         "icon": "icon.png"}
{"title": "建立", "subtitle": "To establish", "arg": "2.2.5$%建立$%To establish$%zh-CHS2EN$%$%",         "icon": "icon.png"}
{"title": "简历", "subtitle": "resume", "arg": "2.2.5$%简历$%resume$%zh-CHS2EN$%$%",         "icon": "icon.png"}
{"title": "pro", "subtitle": "箴", "arg": "2.2.5$%pro$%箴$%EN2zh-CHS$%$%",         "icon": "icon.png"}
{"title": "propo", "subtitle": "propo", "arg": "2.2.5$%propo$%propo$%EN2zh-CHS$%$%",         "icon": "icon.png"}
{"title": "proposle", "subtitle": "proposle", "arg": "2.2.5$%proposle$%proposle$%EN2zh-CHS$%$%",         "icon": "icon.png"}
{"title": "proposl", "subtitle": "proposl", "arg": "2.2.5$%proposl$%proposl$%EN2zh-CHS$%$%",         "icon": "icon.png"}
{"title": "propos", "subtitle": "提议", "arg": "2.2.5$%propos$%提议$%EN2zh-CHS$%$%",         "icon": "icon.png"}
{"title": "pro", "subtitle": "箴", "arg": "2.2.5$%pro$%箴$%EN2zh-CHS$%$%",         "icon": "icon.png"}
{"title": "proposal", "subtitle": "建议", "arg": "2.2.5$%proposal$%建议$%EN2zh-CHS$%$%",         "icon": "icon.png"}
{"title": "镜像分离", "subtitle": "Image separation", "arg": "2.2.5$%镜像分离$%Image separation$%zh-CHS2EN$%$%",         "icon": "icon.png"}
{"title": "seperation", "subtitle": "分离", "arg": "2.2.5$%seperation$%分离$%EN2zh-CHS$%$%",         "icon": "icon.png"}
{"title": "top post", "subtitle": "高级职位", "arg": "2.2.5$%top post$%高级职位$%EN2zh-CHS$%$%",         "icon": "icon.png"}
{"title": "scroll", "subtitle": "滚动", "arg": "2.2.5$%scroll$%滚动$%EN2zh-CHS$%$%",         "icon": "icon.png"}
{"title": "102", "subtitle": "102", "arg": "2.2.5$%102$%102$%EN2zh-CHS$%$%",         "icon": "icon.png"}
{"title": "make", "subtitle": "使", "arg": "2.2.5$%make$%使$%EN2zh-CHS$%$%",         "icon": "icon.png"}
{"title": "made", "subtitle": "使", "arg": "2.2.5$%made$%使$%EN2zh-CHS$%$%",         "icon": "icon.png"}
{"title": "完善", "subtitle": "perfect", "arg": "2.2.5$%完善$%perfect$%zh-CHS2EN$%$%",         "icon": "icon.png"}
{"title": "m", "subtitle": "米", "arg": "2.2.5$%m$%米$%EN2zh-CHS$%$%",         "icon": "icon.png"}
{"title": "模拟", "subtitle": "simulation", "arg": "2.2.5$%模拟$%simulation$%zh-CHS2EN$%$%",         "icon": "icon.png"}
{"title": "polish", "subtitle": "波兰的", "arg": "2.2.5$%polish$%波兰的$%EN2zh-CHS$%$%",         "icon": "icon.png"}
{"title": "caution", "subtitle": "谨慎", "arg": "2.2.5$%caution$%谨慎$%EN2zh-CHS$%$%",         "icon": "icon.png"}
{"title": "fj", "subtitle": "fj", "arg": "2.2.5$%fj$%fj$%EN2zh-CHS$%$%",         "icon": "icon.png"}
{"title": "f", "subtitle": "f", "arg": "2.2.5$%f$%f$%EN2zh-CHS$%$%",         "icon": "icon.png"}
{"title": "fj", "subtitle": "fj", "arg": "2.2.5$%fj$%fj$%EN2zh-CHS$%$%",         "icon": "icon.png"}
{"title": "反逻辑", "subtitle": "The logic", "arg": "2.2.5$%反逻辑$%The logic$%zh-CHS2EN$%$%",         "icon": "icon.png"}
{"title": "seperation", "subtitle": "分离", "arg": "2.2.5$%seperation$%分离$%EN2zh-CHS$%$%",         "icon": "icon.png"}
{"title": "seperation", "subtitle": "分离", "arg": "2.2.5$%seperation$%分离$%EN2zh-CHS$%$%",         "icon": "icon.png"}
{"title": "assignee", "subtitle": "受让人", "arg": "2.2.5$%assignee$%受让人$%EN2zh-CHS$%$%",         "icon": "icon.png"}
{"title": "unimplement", "subtitle": "unimplement", "arg": "2.2.5$%unimplement$%unimplement$%EN2zh-CHS$%$%",         "icon": "icon.png"}
{"title": "implement", "subtitle": "实现", "arg": "2.2.5$%implement$%实现$%EN2zh-CHS$%$%",         "icon": "icon.png"}
{"title": "unimplement", "subtitle": "unimplement", "arg": "2.2.5$%unimplement$%unimplement$%EN2zh-CHS$%$%",         "icon": "icon.png"}
{"title": "implement", "subtitle": "实现", "arg": "2.2.5$%implement$%实现$%EN2zh-CHS$%$%",         "icon": "icon.png"}
{"title": "未实现的", "subtitle": "unrealized", "arg": "2.2.5$%未实现的$%unrealized$%zh-CHS2EN$%$%",         "icon": "icon.png"}
{"title": "鲁棒性", "subtitle": "robustness", "arg": "2.2.5$%鲁棒性$%robustness$%zh-CHS2EN$%$%",         "icon": "icon.png"}
{"title": "加强鲁棒性", "subtitle": "Strengthening the robustness", "arg": "2.2.5$%加强鲁棒性$%Strengthening the robustness$%zh-CHS2EN$%$%",         "icon": "icon.png"}
{"title": "鲁棒性", "subtitle": "robustness", "arg": "2.2.5$%鲁棒性$%robustness$%zh-CHS2EN$%$%",         "icon": "icon.png"}
{"title": "加强", "subtitle": "To strengthen", "arg": "2.2.5$%加强$%To strengthen$%zh-CHS2EN$%$%",         "icon": "icon.png"}
{"title": "make", "subtitle": "使", "arg": "2.2.5$%make$%使$%EN2zh-CHS$%$%",         "icon": "icon.png"}
{"title": "make sb to do", "subtitle": "使某人做某事", "arg": "2.2.5$%make sb to do$%使某人做某事$%EN2zh-CHS$%$%",         "icon": "icon.png"}
{"title": "make sb", "subtitle": "使某人", "arg": "2.2.5$%make sb$%使某人$%EN2zh-CHS$%$%",         "icon": "icon.png"}
{"title": "make sb do", "subtitle": "让某人做某事", "arg": "2.2.5$%make sb do$%让某人做某事$%EN2zh-CHS$%$%",         "icon": "icon.png"}
{"title": "coresponding", "subtitle": "coresponding", "arg": "2.2.5$%coresponding$%coresponding$%EN2zh-CHS$%$%",         "icon": "icon.png"}
{"title": "istu", "subtitle": "istu", "arg": "2.2.5$%istu$%istu$%EN2zh-CHS$%$%",         "icon": "icon.png"}
{"title": "冲突", "subtitle": "conflict", "arg": "2.2.5$%冲突$%conflict$%zh-CHS2EN$%$%",         "icon": "icon.png"}
{"title": "seperation", "subtitle": "分离", "arg": "2.2.5$%seperation$%分离$%EN2zh-CHS$%$%",         "icon": "icon.png"}
{"title": "装备", "subtitle": "equipment", "arg": "2.2.5$%装备$%equipment$%zh-CHS2EN$%$%",         "icon": "icon.png"}
{"title": "配备", "subtitle": "Equipped with", "arg": "2.2.5$%配备$%Equipped with$%zh-CHS2EN$%$%",         "icon": "icon.png"}
{"title": "习惯", "subtitle": "habit", "arg": "2.2.5$%习惯$%habit$%zh-CHS2EN$%$%",         "icon": "icon.png"}
{"title": "ui", "subtitle": "用户界面", "arg": "2.2.5$%ui$%用户界面$%EN2zh-CHS$%$%",         "icon": "icon.png"}
{"title": "u", "subtitle": "u", "arg": "2.2.5$%u$%u$%EN2zh-CHS$%$%",         "icon": "icon.png"}
{"title": "uiysx", "subtitle": "uiysx", "arg": "2.2.5$%uiysx$%uiysx$%EN2zh-CHS$%$%",         "icon": "icon.png"}
{"title": "使用习惯", "subtitle": "Use habits", "arg": "2.2.5$%使用习惯$%Use habits$%zh-CHS2EN$%$%",         "icon": "icon.png"}
{"title": "convention", "subtitle": "公约", "arg": "2.2.5$%convention$%公约$%EN2zh-CHS$%$%",         "icon": "icon.png"}
{"title": "adaptable", "subtitle": "适应性强的", "arg": "2.2.5$%adaptable$%适应性强的$%EN2zh-CHS$%$%",         "icon": "icon.png"}
{"title": "Ih", "subtitle": "Ih", "arg": "2.2.5$%Ih$%Ih$%EN2zh-CHS$%$%",         "icon": "icon.png"}
{"title": "场景", "subtitle": "scenario", "arg": "2.2.5$%场景$%scenario$%zh-CHS2EN$%$%",         "icon": "icon.png"}
{"title": "不同程度上", "subtitle": "In varying degrees,", "arg": "2.2.5$%不同程度上$%In varying degrees,$%zh-CHS2EN$%$%",         "icon": "icon.png"}
{"title": "co", "subtitle": "有限公司", "arg": "2.2.5$%co$%有限公司$%EN2zh-CHS$%$%",         "icon": "icon.png"}
{"title": "colocato", "subtitle": "colocato", "arg": "2.2.5$%colocato$%colocato$%EN2zh-CHS$%$%",         "icon": "icon.png"}
{"title": "colocation", "subtitle": "主机托管", "arg": "2.2.5$%colocation$%主机托管$%EN2zh-CHS$%$%",         "icon": "icon.png"}
{"title": "mircokernel profi", "subtitle": "mircokernel profi", "arg": "2.2.5$%mircokernel profi$%mircokernel profi$%EN2zh-CHS$%$%",         "icon": "icon.png"}
{"title": "mircokernel profile", "subtitle": "mircokernel概要", "arg": "2.2.5$%mircokernel profile$%mircokernel概要$%EN2zh-CHS$%$%",         "icon": "icon.png"}
{"title": "demo", "subtitle": "演示", "arg": "2.2.5$%demo$%演示$%EN2zh-CHS$%$%",         "icon": "icon.png"}
{"title": "oer", "subtitle": "oer", "arg": "2.2.5$%oer$%oer$%EN2zh-CHS$%$%",         "icon": "icon.png"}
{"title": "oeripherals", "subtitle": "oeripherals", "arg": "2.2.5$%oeripherals$%oeripherals$%EN2zh-CHS$%$%",         "icon": "icon.png"}
{"title": "oeripheral", "subtitle": "oeripheral", "arg": "2.2.5$%oeripheral$%oeripheral$%EN2zh-CHS$%$%",         "icon": "icon.png"}
{"title": "peripheral", "subtitle": "外围", "arg": "2.2.5$%peripheral$%外围$%EN2zh-CHS$%$%",         "icon": "icon.png"}
{"title": "programmer", "subtitle": "程序员", "arg": "2.2.5$%programmer$%程序员$%EN2zh-CHS$%$%",         "icon": "icon.png"}
{"title": "programmer modu", "subtitle": "程序员modu", "arg": "2.2.5$%programmer modu$%程序员modu$%EN2zh-CHS$%$%",         "icon": "icon.png"}
{"title": "programmer modle", "subtitle": "程序员新型", "arg": "2.2.5$%programmer modle$%程序员新型$%EN2zh-CHS$%$%",         "icon": "icon.png"}
{"title": "programmer mod", "subtitle": "程序员国防部", "arg": "2.2.5$%programmer mod$%程序员国防部$%EN2zh-CHS$%$%",         "icon": "icon.png"}
{"title": "programmer model", "subtitle": "程序员模型", "arg": "2.2.5$%programmer model$%程序员模型$%EN2zh-CHS$%$%",         "icon": "icon.png"}
{"title": "model", "subtitle": "模型", "arg": "2.2.5$%model$%模型$%EN2zh-CHS$%$%",         "icon": "icon.png"}
{"title": "nested vectored i", "subtitle": "嵌套定向我", "arg": "2.2.5$%nested vectored i$%嵌套定向我$%EN2zh-CHS$%$%",         "icon": "icon.png"}
{"title": "nested vectored interrupt c", "subtitle": "嵌套矢量c中断", "arg": "2.2.5$%nested vectored interrupt c$%嵌套矢量c中断$%EN2zh-CHS$%$%",         "icon": "icon.png"}
{"title": "nested vectored interrupt", "subtitle": "定向中断嵌套", "arg": "2.2.5$%nested vectored interrupt$%定向中断嵌套$%EN2zh-CHS$%$%",         "icon": "icon.png"}
{"title": "nested vectored interrupt", "subtitle": "定向中断嵌套", "arg": "2.2.5$%nested vectored interrupt$%定向中断嵌套$%EN2zh-CHS$%$%",         "icon": "icon.png"}
{"title": "peripherals", "subtitle": "外围设备", "arg": "2.2.5$%peripherals$%外围设备$%EN2zh-CHS$%$%",         "icon": "icon.png"}
{"title": "NVIC", "subtitle": "NVIC", "arg": "2.2.5$%NVIC$%NVIC$%EN2zh-CHS$%$%",         "icon": "icon.png"}
{"title": "section", "subtitle": "部分", "arg": "2.2.5$%section$%部分$%EN2zh-CHS$%$%",         "icon": "icon.png"}
{"title": "progra", "subtitle": "在总结", "arg": "2.2.5$%progra$%在总结$%EN2zh-CHS$%$%",         "icon": "icon.png"}
{"title": "programmer", "subtitle": "程序员", "arg": "2.2.5$%programmer$%程序员$%EN2zh-CHS$%$%",         "icon": "icon.png"}
{"title": "programmer mo", "subtitle": "程序员莫", "arg": "2.2.5$%programmer mo$%程序员莫$%EN2zh-CHS$%$%",         "icon": "icon.png"}
{"title": "programmer model", "subtitle": "程序员模型", "arg": "2.2.5$%programmer model$%程序员模型$%EN2zh-CHS$%$%",         "icon": "icon.png"}
{"title": "programm", "subtitle": "程序", "arg": "2.2.5$%programm$%程序$%EN2zh-CHS$%$%",         "icon": "icon.png"}
{"title": "programming model", "subtitle": "编程模型", "arg": "2.2.5$%programming model$%编程模型$%EN2zh-CHS$%$%",         "icon": "icon.png"}
{"title": "programmers", "subtitle": "程序员", "arg": "2.2.5$%programmers$%程序员$%EN2zh-CHS$%$%",         "icon": "icon.png"}
{"title": "programmers model", "subtitle": "程序员模型", "arg": "2.2.5$%programmers model$%程序员模型$%EN2zh-CHS$%$%",         "icon": "icon.png"}
{"title": "com", "subtitle": "com", "arg": "2.2.5$%com$%com$%EN2zh-CHS$%$%",         "icon": "icon.png"}
{"title": "come out of", "subtitle": "出来的", "arg": "2.2.5$%come out of$%出来的$%EN2zh-CHS$%$%",         "icon": "icon.png"}
{"title": "process stack", "subtitle": "进程堆栈", "arg": "2.2.5$%process stack$%进程堆栈$%EN2zh-CHS$%$%",         "icon": "icon.png"}
{"title": "ISR", "subtitle": "ISR", "arg": "2.2.5$%ISR$%ISR$%EN2zh-CHS$%$%",         "icon": "icon.png"}
{"title": "sensitive", "subtitle": "敏感的", "arg": "2.2.5$%sensitive$%敏感的$%EN2zh-CHS$%$%",         "icon": "icon.png"}
{"title": "process stack", "subtitle": "进程堆栈", "arg": "2.2.5$%process stack$%进程堆栈$%EN2zh-CHS$%$%",         "icon": "icon.png"}
{"title": "exception mask register", "subtitle": "除了面具注册", "arg": "2.2.5$%exception mask register$%除了面具注册$%EN2zh-CHS$%$%",         "icon": "icon.png"}
{"title": "mask", "subtitle": "面具", "arg": "2.2.5$%mask$%面具$%EN2zh-CHS$%$%",         "icon": "icon.png"}
{"title": "sub", "subtitle": "子", "arg": "2.2.5$%sub$%子$%EN2zh-CHS$%$%",         "icon": "icon.png"}
{"title": "subroutines", "subtitle": "子例程", "arg": "2.2.5$%subroutines$%子例程$%EN2zh-CHS$%$%",         "icon": "icon.png"}
{"title": "thumb state", "subtitle": "拇指状态", "arg": "2.2.5$%thumb state$%拇指状态$%EN2zh-CHS$%$%",         "icon": "icon.png"}
{"title": "pending", "subtitle": "等待", "arg": "2.2.5$%pending$%等待$%EN2zh-CHS$%$%",         "icon": "icon.png"}
{"title": "dll", "subtitle": "dll", "arg": "2.2.5$%dll$%dll$%EN2zh-CHS$%$%",         "icon": "icon.png"}
{"title": "substantial", "subtitle": "实质性的", "arg": "2.2.5$%substantial$%实质性的$%EN2zh-CHS$%$%",         "icon": "icon.png"}
{"title": "blob", "subtitle": "团", "arg": "2.2.5$%blob$%团$%EN2zh-CHS$%$%",         "icon": "icon.png"}
{"title": "blob", "subtitle": "团", "arg": "2.2.5$%blob$%团$%EN2zh-CHS$%$%",         "icon": "icon.png"}
{"title": "invoke", "subtitle": "调用", "arg": "2.2.5$%invoke$%调用$%EN2zh-CHS$%$%",         "icon": "icon.png"}
{"title": "burbu", "subtitle": "burbu", "arg": "2.2.5$%burbu$%burbu$%EN2zh-CHS$%$%",         "icon": "icon.png"}
{"title": "burberry", "subtitle": "博柏利（BURBERRY公司注册商标）", "arg": "2.2.5$%burberry$%博柏利（BURBERRY公司注册商标）$%EN2zh-CHS$%$%",         "icon": "icon.png"}
{"title": "j", "subtitle": "j", "arg": "2.2.5$%j$%j$%EN2zh-CHS$%$%",         "icon": "icon.png"}
{"title": "j", "subtitle": "j", "arg": "2.2.5$%j$%j$%EN2zh-CHS$%$%",         "icon": "icon.png"}
{"title": "j", "subtitle": "j", "arg": "2.2.5$%j$%j$%EN2zh-CHS$%$%",         "icon": "icon.png"}
{"title": "剪切板", "subtitle": "clipboard", "arg": "2.2.5$%剪切板$%clipboard$%zh-CHS2EN$%$%",         "icon": "icon.png"}
{"title": "clip", "subtitle": "剪辑", "arg": "2.2.5$%clip$%剪辑$%EN2zh-CHS$%$%",         "icon": "icon.png"}
{"title": "clipboard", "subtitle": "剪贴板", "arg": "2.2.5$%clipboard$%剪贴板$%EN2zh-CHS$%$%",         "icon": "icon.png"}
{"title": "clipboar", "subtitle": "clipboar", "arg": "2.2.5$%clipboar$%clipboar$%EN2zh-CHS$%$%",         "icon": "icon.png"}
{"title": "cop", "subtitle": "警察", "arg": "2.2.5$%cop$%警察$%EN2zh-CHS$%$%",         "icon": "icon.png"}
{"title": "copied to", "subtitle": "复制到", "arg": "2.2.5$%copied to$%复制到$%EN2zh-CHS$%$%",         "icon": "icon.png"}
{"title": "copied to cli", "subtitle": "复制到cli", "arg": "2.2.5$%copied to cli$%复制到cli$%EN2zh-CHS$%$%",         "icon": "icon.png"}
{"title": "copied to clip", "subtitle": "复制到剪贴", "arg": "2.2.5$%copied to clip$%复制到剪贴$%EN2zh-CHS$%$%",         "icon": "icon.png"}
{"title": "copied to clipboard", "subtitle": "复制到剪贴板", "arg": "2.2.5$%copied to clipboard$%复制到剪贴板$%EN2zh-CHS$%$%",         "icon": "icon.png"}
{"title": "copy to clipboard", "subtitle": "复制到剪贴板", "arg": "2.2.5$%copy to clipboard$%复制到剪贴板$%EN2zh-CHS$%$%",         "icon": "icon.png"}
{"title": "polish", "subtitle": "波兰的", "arg": "2.2.5$%polish$%波兰的$%EN2zh-CHS$%$%",         "icon": "icon.png"}
{"title": "限流", "subtitle": "Current limiting", "arg": "2.2.5$%限流$%Current limiting$%zh-CHS2EN$%$%",         "icon": "icon.png"}
{"title": "Throttling", "subtitle": "节流", "arg": "2.2.5$%Throttling$%节流$%EN2zh-CHS$%$%",         "icon": "icon.png"}
{"title": "y", "subtitle": "y", "arg": "2.2.5$%y$%y$%EN2zh-CHS$%$%",         "icon": "icon.png"}
{"title": "已登出", "subtitle": "Have to log out", "arg": "2.2.5$%已登出$%Have to log out$%zh-CHS2EN$%$%",         "icon": "icon.png"}
{"title": "logged", "subtitle": "记录", "arg": "2.2.5$%logged$%记录$%EN2zh-CHS$%$%",         "icon": "icon.png"}
{"title": "loged", "subtitle": "日志", "arg": "2.2.5$%loged$%日志$%EN2zh-CHS$%$%",         "icon": "icon.png"}
{"title": "限流", "subtitle": "Current limiting", "arg": "2.2.5$%限流$%Current limiting$%zh-CHS2EN$%$%",         "icon": "icon.png"}
{"title": "casual", "subtitle": "休闲", "arg": "2.2.5$%casual$%休闲$%EN2zh-CHS$%$%",         "icon": "icon.png"}
{"title": "gate", "subtitle": "门", "arg": "2.2.5$%gate$%门$%EN2zh-CHS$%$%",         "icon": "icon.png"}
{"title": "arduino", "subtitle": "arduino", "arg": "2.2.5$%arduino$%arduino$%EN2zh-CHS$%$%",         "icon": "icon.png"}
{"title": "demo", "subtitle": "演示", "arg": "2.2.5$%demo$%演示$%EN2zh-CHS$%$%",         "icon": "icon.png"}
{"title": "figure", "subtitle": "数字", "arg": "2.2.5$%figure$%数字$%EN2zh-CHS$%$%",         "icon": "icon.png"}
{"title": "cycle", "subtitle": "周期", "arg": "2.2.5$%cycle$%周期$%EN2zh-CHS$%$%",         "icon": "icon.png"}
{"title": "cycle", "subtitle": "周期", "arg": "2.2.5$%cycle$%周期$%EN2zh-CHS$%$%",         "icon": "icon.png"}
{"title": "比例", "subtitle": "The proportion", "arg": "2.2.5$%比例$%The proportion$%zh-CHS2EN$%$%",         "icon": "icon.png"}
{"title": "preliminaries", "subtitle": "预赛", "arg": "2.2.5$%preliminaries$%预赛$%EN2zh-CHS$%$%",         "icon": "icon.png"}
{"title": "take", "subtitle": "取", "arg": "2.2.5$%take$%取$%EN2zh-CHS$%$%",         "icon": "icon.png"}
{"title": "take", "subtitle": "取", "arg": "2.2.5$%take$%取$%EN2zh-CHS$%$%",         "icon": "icon.png"}
{"title": "take care of", "subtitle": "照顾", "arg": "2.2.5$%take care of$%照顾$%EN2zh-CHS$%$%",         "icon": "icon.png"}
{"title": "wo", "subtitle": "我们", "arg": "2.2.5$%wo$%我们$%EN2zh-CHS$%$%",         "icon": "icon.png"}
{"title": "大家的", "subtitle": "Everyone's", "arg": "2.2.5$%大家的$%Everyone's$%zh-CHS2EN$%$%",         "icon": "icon.png"}
{"title": "大家的习惯", "subtitle": "The habit of everyone", "arg": "2.2.5$%大家的习惯$%The habit of everyone$%zh-CHS2EN$%$%",         "icon": "icon.png"}
{"title": "使用", "subtitle": "use", "arg": "2.2.5$%使用$%use$%zh-CHS2EN$%$%",         "icon": "icon.png"}
{"title": "使用Linux的", "subtitle": "The use of Linux", "arg": "2.2.5$%使用Linux的$%The use of Linux$%zh-CHS2EN$%$%",         "icon": "icon.png"}
{"title": "使用Linux的习惯", "subtitle": "The habit of using Linux", "arg": "2.2.5$%使用Linux的习惯$%The habit of using Linux$%zh-CHS2EN$%$%",         "icon": "icon.png"}
{"title": "indenepe", "subtitle": "indenepe", "arg": "2.2.5$%indenepe$%indenepe$%EN2zh-CHS$%$%",         "icon": "icon.png"}
{"title": "inden", "subtitle": "inden", "arg": "2.2.5$%inden$%inden$%EN2zh-CHS$%$%",         "icon": "icon.png"}
{"title": "independ", "subtitle": "能自食其力", "arg": "2.2.5$%independ$%能自食其力$%EN2zh-CHS$%$%",         "icon": "icon.png"}
{"title": "independly", "subtitle": "翻", "arg": "2.2.5$%independly$%翻$%EN2zh-CHS$%$%",         "icon": "icon.png"}
{"title": "独立的", "subtitle": "independent", "arg": "2.2.5$%独立的$%independent$%zh-CHS2EN$%$%",         "icon": "icon.png"}
{"title": "inden", "subtitle": "inden", "arg": "2.2.5$%inden$%inden$%EN2zh-CHS$%$%",         "icon": "icon.png"}
{"title": "indenp", "subtitle": "indenp", "arg": "2.2.5$%indenp$%indenp$%EN2zh-CHS$%$%",         "icon": "icon.png"}
{"title": "inde", "subtitle": "印度", "arg": "2.2.5$%inde$%印度$%EN2zh-CHS$%$%",         "icon": "icon.png"}
{"title": "indepen", "subtitle": "份措辞尖锐", "arg": "2.2.5$%indepen$%份措辞尖锐$%EN2zh-CHS$%$%",         "icon": "icon.png"}
{"title": "independent", "subtitle": "独立的", "arg": "2.2.5$%independent$%独立的$%EN2zh-CHS$%$%",         "icon": "icon.png"}
{"title": "independently", "subtitle": "独立", "arg": "2.2.5$%independently$%独立$%EN2zh-CHS$%$%",         "icon": "icon.png"}
{"title": "except", "subtitle": "除了", "arg": "2.2.5$%except$%除了$%EN2zh-CHS$%$%",         "icon": "icon.png"}
{"title": "l", "subtitle": "l", "arg": "2.2.5$%l$%l$%EN2zh-CHS$%$%",         "icon": "icon.png"}
{"title": "以来规则", "subtitle": "Since the rules", "arg": "2.2.5$%以来规则$%Since the rules$%zh-CHS2EN$%$%",         "icon": "icon.png"}
{"title": "依赖规则", "subtitle": "Depend on the rules", "arg": "2.2.5$%依赖规则$%Depend on the rules$%zh-CHS2EN$%$%",         "icon": "icon.png"}
{"title": "vi", "subtitle": "6", "arg": "2.2.5$%vi$%6$%EN2zh-CHS$%$%",         "icon": "icon.png"}
{"title": "指定", "subtitle": "The specified", "arg": "2.2.5$%指定$%The specified$%zh-CHS2EN$%$%",         "icon": "icon.png"}
{"title": "syu", "subtitle": "syu", "arg": "2.2.5$%syu$%syu$%EN2zh-CHS$%$%",         "icon": "icon.png"}
{"title": "supply", "subtitle": "供应", "arg": "2.2.5$%supply$%供应$%EN2zh-CHS$%$%",         "icon": "icon.png"}
{"title": "以", "subtitle": "In order to", "arg": "2.2.5$%以$%In order to$%zh-CHS2EN$%$%",         "icon": "icon.png"}
{"title": "结尾", "subtitle": "At the end", "arg": "2.2.5$%结尾$%At the end$%zh-CHS2EN$%$%",         "icon": "icon.png"}
{"title": "后缀", "subtitle": "The suffix", "arg": "2.2.5$%后缀$%The suffix$%zh-CHS2EN$%$%",         "icon": "icon.png"}
{"title": "后缀名", "subtitle": "suffix", "arg": "2.2.5$%后缀名$%suffix$%zh-CHS2EN$%$%",         "icon": "icon.png"}
{"title": "in", "subtitle": "在", "arg": "2.2.5$%in$%在$%EN2zh-CHS$%$%",         "icon": "icon.png"}
{"title": "information", "subtitle": "信息", "arg": "2.2.5$%information$%信息$%EN2zh-CHS$%$%",         "icon": "icon.png"}
{"title": "说明", "subtitle": "instructions", "arg": "2.2.5$%说明$%instructions$%zh-CHS2EN$%$%",         "icon": "icon.png"}
{"title": "设置为右对齐", "subtitle": "Set to the right alignment", "arg": "2.2.5$%设置为右对齐$%Set to the right alignment$%zh-CHS2EN$%$%",         "icon": "icon.png"}
{"title": "默认为1", "subtitle": "The default is 1", "arg": "2.2.5$%默认为1$%The default is 1$%zh-CHS2EN$%$%",         "icon": "icon.png"}
{"title": "serious", "subtitle": "严重的", "arg": "2.2.5$%serious$%严重的$%EN2zh-CHS$%$%",         "icon": "icon.png"}
{"title": "seri", "subtitle": "三星", "arg": "2.2.5$%seri$%三星$%EN2zh-CHS$%$%",         "icon": "icon.png"}
{"title": "series", "subtitle": "系列", "arg": "2.2.5$%series$%系列$%EN2zh-CHS$%$%",         "icon": "icon.png"}
{"title": "unwind", "subtitle": "放松", "arg": "2.2.5$%unwind$%放松$%EN2zh-CHS$%$%",         "icon": "icon.png"}
{"title": "safer", "subtitle": "更安全的", "arg": "2.2.5$%safer$%更安全的$%EN2zh-CHS$%$%",         "icon": "icon.png"}
{"title": "10", "subtitle": "10", "arg": "2.2.5$%10$%10$%EN2zh-CHS$%$%",         "icon": "icon.png"}
{"title": "收集", "subtitle": "collect", "arg": "2.2.5$%收集$%collect$%zh-CHS2EN$%$%",         "icon": "icon.png"}
{"title": "收益", "subtitle": "earnings", "arg": "2.2.5$%收益$%earnings$%zh-CHS2EN$%$%",         "icon": "icon.png"}
{"title": "目录", "subtitle": "directory", "arg": "2.2.5$%目录$%directory$%zh-CHS2EN$%$%",         "icon": "icon.png"}
{"title": "supply", "subtitle": "供应", "arg": "2.2.5$%supply$%供应$%EN2zh-CHS$%$%",         "icon": "icon.png"}
{"title": "sy", "subtitle": "sy", "arg": "2.2.5$%sy$%sy$%EN2zh-CHS$%$%",         "icon": "icon.png"}
{"title": "supply", "subtitle": "供应", "arg": "2.2.5$%supply$%供应$%EN2zh-CHS$%$%",         "icon": "icon.png"}
{"title": "supplied", "subtitle": "提供", "arg": "2.2.5$%supplied$%提供$%EN2zh-CHS$%$%",         "icon": "icon.png"}
{"title": "isfu", "subtitle": "isfu", "arg": "2.2.5$%isfu$%isfu$%EN2zh-CHS$%$%",         "icon": "icon.png"}
{"title": "是否重复？", "subtitle": "Repeat?", "arg": "2.2.5$%是否重复？$%Repeat?$%zh-CHS2EN$%$%",         "icon": "icon.png"}
{"title": "是否重复", "subtitle": "Whether to repeat", "arg": "2.2.5$%是否重复$%Whether to repeat$%zh-CHS2EN$%$%",         "icon": "icon.png"}
{"title": "重复", "subtitle": "repeat", "arg": "2.2.5$%重复$%repeat$%zh-CHS2EN$%$%",         "icon": "icon.png"}
{"title": "重复的", "subtitle": "repeated", "arg": "2.2.5$%重复的$%repeated$%zh-CHS2EN$%$%",         "icon": "icon.png"}
{"title": "reduplicative", "subtitle": "重复的", "arg": "2.2.5$%reduplicative$%重复的$%EN2zh-CHS$%$%",         "icon": "icon.png"}
{"title": "duplicative", "subtitle": "重复的", "arg": "2.2.5$%duplicative$%重复的$%EN2zh-CHS$%$%",         "icon": "icon.png"}
{"title": "dup", "subtitle": "dup", "arg": "2.2.5$%dup$%dup$%EN2zh-CHS$%$%",         "icon": "icon.png"}
{"title": "duplicated", "subtitle": "复制", "arg": "2.2.5$%duplicated$%复制$%EN2zh-CHS$%$%",         "icon": "icon.png"}
{"title": "qu", "subtitle": "曲", "arg": "2.2.5$%qu$%曲$%EN2zh-CHS$%$%",         "icon": "icon.png"}
{"title": "equiped", "subtitle": "内设", "arg": "2.2.5$%equiped$%内设$%EN2zh-CHS$%$%",         "icon": "icon.png"}
{"title": "换行符", "subtitle": "A newline", "arg": "2.2.5$%换行符$%A newline$%zh-CHS2EN$%$%",         "icon": "icon.png"}
{"title": "ib", "subtitle": "ib", "arg": "2.2.5$%ib$%ib$%EN2zh-CHS$%$%",         "icon": "icon.png"}
{"title": "string const variabl", "subtitle": "字符串常量variabl", "arg": "2.2.5$%string const variabl$%字符串常量variabl$%EN2zh-CHS$%$%",         "icon": "icon.png"}
{"title": "string const variab", "subtitle": "字符串常量variab", "arg": "2.2.5$%string const variab$%字符串常量variab$%EN2zh-CHS$%$%",         "icon": "icon.png"}
{"title": "string const variable", "subtitle": "字符串常量变量", "arg": "2.2.5$%string const variable$%字符串常量变量$%EN2zh-CHS$%$%",         "icon": "icon.png"}
{"title": "string const", "subtitle": "字符串常量", "arg": "2.2.5$%string const$%字符串常量$%EN2zh-CHS$%$%",         "icon": "icon.png"}
{"title": "rf", "subtitle": "射频", "arg": "2.2.5$%rf$%射频$%EN2zh-CHS$%$%",         "icon": "icon.png"}
{"title": "认证", "subtitle": "certification", "arg": "2.2.5$%认证$%certification$%zh-CHS2EN$%$%",         "icon": "icon.png"}
{"title": "认证", "subtitle": "certification", "arg": "2.2.5$%认证$%certification$%zh-CHS2EN$%$%",         "icon": "icon.png"}
{"title": "third", "subtitle": "第三", "arg": "2.2.5$%third$%第三$%EN2zh-CHS$%$%",         "icon": "icon.png"}
{"title": "third-part", "subtitle": "可以跳转到第三方", "arg": "2.2.5$%third-part$%可以跳转到第三方$%EN2zh-CHS$%$%",         "icon": "icon.png"}
{"title": "third-party", "subtitle": "第三方", "arg": "2.2.5$%third-party$%第三方$%EN2zh-CHS$%$%",         "icon": "icon.png"}
{"title": "参数", "subtitle": "parameter", "arg": "2.2.5$%参数$%parameter$%zh-CHS2EN$%$%",         "icon": "icon.png"}
{"title": "认证", "subtitle": "certification", "arg": "2.2.5$%认证$%certification$%zh-CHS2EN$%$%",         "icon": "icon.png"}
{"title": "certificate", "subtitle": "证书", "arg": "2.2.5$%certificate$%证书$%EN2zh-CHS$%$%",         "icon": "icon.png"}
{"title": "等待服务器响应", "subtitle": "Wait for the server response", "arg": "2.2.5$%等待服务器响应$%Wait for the server response$%zh-CHS2EN$%$%",         "icon": "icon.png"}
{"title": "绑定", "subtitle": "The binding", "arg": "2.2.5$%绑定$%The binding$%zh-CHS2EN$%$%",         "icon": "icon.png"}
{"title": "绑定SDUOJ", "subtitle": "Binding SDUOJ", "arg": "2.2.5$%绑定SDUOJ$%Binding SDUOJ$%zh-CHS2EN$%$%",         "icon": "icon.png"}
{"title": "绑定SDUOJ帐号", "subtitle": "Binding SDUOJ account", "arg": "2.2.5$%绑定SDUOJ帐号$%Binding SDUOJ account$%zh-CHS2EN$%$%",         "icon": "icon.png"}
{"title": "expend", "subtitle": "消耗", "arg": "2.2.5$%expend$%消耗$%EN2zh-CHS$%$%",         "icon": "icon.png"}
{"title": "expen", "subtitle": "expen", "arg": "2.2.5$%expen$%expen$%EN2zh-CHS$%$%",         "icon": "icon.png"}
{"title": "extent", "subtitle": "程度上", "arg": "2.2.5$%extent$%程度上$%EN2zh-CHS$%$%",         "icon": "icon.png"}
{"title": "ex", "subtitle": "前女友", "arg": "2.2.5$%ex$%前女友$%EN2zh-CHS$%$%",         "icon": "icon.png"}
{"title": "extend", "subtitle": "扩展", "arg": "2.2.5$%extend$%扩展$%EN2zh-CHS$%$%",         "icon": "icon.png"}
{"title": "已有的", "subtitle": "The existing", "arg": "2.2.5$%已有的$%The existing$%zh-CHS2EN$%$%",         "icon": "icon.png"}
{"title": "未绑定", "subtitle": "unbounded", "arg": "2.2.5$%未绑定$%unbounded$%zh-CHS2EN$%$%",         "icon": "icon.png"}
{"title": "u", "subtitle": "u", "arg": "2.2.5$%u$%u$%EN2zh-CHS$%$%",         "icon": "icon.png"}
{"title": "unbind", "subtitle": "解开", "arg": "2.2.5$%unbind$%解开$%EN2zh-CHS$%$%",         "icon": "icon.png"}
{"title": "附录", "subtitle": "The appendix", "arg": "2.2.5$%附录$%The appendix$%zh-CHS2EN$%$%",         "icon": "icon.png"}
{"title": "deli", "subtitle": "熟食店", "arg": "2.2.5$%deli$%熟食店$%EN2zh-CHS$%$%",         "icon": "icon.png"}
{"title": "delimter", "subtitle": "delimter", "arg": "2.2.5$%delimter$%delimter$%EN2zh-CHS$%$%",         "icon": "icon.png"}
{"title": "d", "subtitle": "d", "arg": "2.2.5$%d$%d$%EN2zh-CHS$%$%",         "icon": "icon.png"}
{"title": "调用", "subtitle": "call", "arg": "2.2.5$%调用$%call$%zh-CHS2EN$%$%",         "icon": "icon.png"}
{"title": "调用次数", "subtitle": "Call the number", "arg": "2.2.5$%调用次数$%Call the number$%zh-CHS2EN$%$%",         "icon": "icon.png"}
{"title": "时", "subtitle": "when", "arg": "2.2.5$%时$%when$%zh-CHS2EN$%$%",         "icon": "icon.png"}
{"title": "时钟", "subtitle": "The clock", "arg": "2.2.5$%时钟$%The clock$%zh-CHS2EN$%$%",         "icon": "icon.png"}
{"title": "时钟周期", "subtitle": "Clock cycle", "arg": "2.2.5$%时钟周期$%Clock cycle$%zh-CHS2EN$%$%",         "icon": "icon.png"}
{"title": "attemp", "subtitle": "的图谋", "arg": "2.2.5$%attemp$%的图谋$%EN2zh-CHS$%$%",         "icon": "icon.png"}
{"title": "尝试", "subtitle": "try", "arg": "2.2.5$%尝试$%try$%zh-CHS2EN$%$%",         "icon": "icon.png"}
{"title": "数值", "subtitle": "The numerical", "arg": "2.2.5$%数值$%The numerical$%zh-CHS2EN$%$%",         "icon": "icon.png"}
{"title": "竖", "subtitle": "vertical", "arg": "2.2.5$%竖$%vertical$%zh-CHS2EN$%$%",         "icon": "icon.png"}
{"title": "竖直", "subtitle": "The vertical", "arg": "2.2.5$%竖直$%The vertical$%zh-CHS2EN$%$%",         "icon": "icon.png"}
{"title": "水", "subtitle": "water", "arg": "2.2.5$%水$%water$%zh-CHS2EN$%$%",         "icon": "icon.png"}
{"title": "水平", "subtitle": "The level of", "arg": "2.2.5$%水平$%The level of$%zh-CHS2EN$%$%",         "icon": "icon.png"}
{"title": "horizi", "subtitle": "horizi", "arg": "2.2.5$%horizi$%horizi$%EN2zh-CHS$%$%",         "icon": "icon.png"}
{"title": "horizon", "subtitle": "地平线", "arg": "2.2.5$%horizon$%地平线$%EN2zh-CHS$%$%",         "icon": "icon.png"}
{"title": "horizontal", "subtitle": "水平", "arg": "2.2.5$%horizontal$%水平$%EN2zh-CHS$%$%",         "icon": "icon.png"}
{"title": "r", "subtitle": "r", "arg": "2.2.5$%r$%r$%EN2zh-CHS$%$%",         "icon": "icon.png"}
{"title": "人", "subtitle": "people", "arg": "2.2.5$%人$%people$%zh-CHS2EN$%$%",         "icon": "icon.png"}
{"title": "人机", "subtitle": "The man-machine", "arg": "2.2.5$%人机$%The man-machine$%zh-CHS2EN$%$%",         "icon": "icon.png"}
{"title": "人机验证", "subtitle": "Human verification", "arg": "2.2.5$%人机验证$%Human verification$%zh-CHS2EN$%$%",         "icon": "icon.png"}
{"title": "检查", "subtitle": "check", "arg": "2.2.5$%检查$%check$%zh-CHS2EN$%$%",         "icon": "icon.png"}
{"title": "检查你的", "subtitle": "Check your", "arg": "2.2.5$%检查你的$%Check your$%zh-CHS2EN$%$%",         "icon": "icon.png"}
{"title": "检查你的邮箱", "subtitle": "Check your email", "arg": "2.2.5$%检查你的邮箱$%Check your email$%zh-CHS2EN$%$%",         "icon": "icon.png"}
{"title": "证明", "subtitle": "prove", "arg": "2.2.5$%证明$%prove$%zh-CHS2EN$%$%",         "icon": "icon.png"}
{"title": "证明你", "subtitle": "Prove you", "arg": "2.2.5$%证明你$%Prove you$%zh-CHS2EN$%$%",         "icon": "icon.png"}
{"title": "证明你不", "subtitle": "Prove that you don't", "arg": "2.2.5$%证明你不$%Prove that you don't$%zh-CHS2EN$%$%",         "icon": "icon.png"}
{"title": "证明你不是", "subtitle": "Prove you're not", "arg": "2.2.5$%证明你不是$%Prove you're not$%zh-CHS2EN$%$%",         "icon": "icon.png"}
{"title": "证明你不是机器人", "subtitle": "Prove you're not a robot", "arg": "2.2.5$%证明你不是机器人$%Prove you're not a robot$%zh-CHS2EN$%$%",         "icon": "icon.png"}
{"title": "l", "subtitle": "l", "arg": "2.2.5$%l$%l$%EN2zh-CHS$%$%",         "icon": "icon.png"}
{"title": "逻辑", "subtitle": "logic", "arg": "2.2.5$%逻辑$%logic$%zh-CHS2EN$%$%",         "icon": "icon.png"}
{"title": "logic of email field when registering", "subtitle": "注册时电子邮件字段的逻辑", "arg": "2.2.5$%logic of email field when registering$%注册时电子邮件字段的逻辑$%EN2zh-CHS$%$%",         "icon": "icon.png"}
{"title": "必要", "subtitle": "necessary", "arg": "2.2.5$%必要$%necessary$%zh-CHS2EN$%$%",         "icon": "icon.png"}
{"title": "必要的", "subtitle": "The necessary", "arg": "2.2.5$%必要的$%The necessary$%zh-CHS2EN$%$%",         "icon": "icon.png"}
{"title": "veridate", "subtitle": "veridate", "arg": "2.2.5$%veridate$%veridate$%EN2zh-CHS$%$%",         "icon": "icon.png"}
{"title": "veri", "subtitle": "真实", "arg": "2.2.5$%veri$%真实$%EN2zh-CHS$%$%",         "icon": "icon.png"}
{"title": "veridator", "subtitle": "veridator", "arg": "2.2.5$%veridator$%veridator$%EN2zh-CHS$%$%",         "icon": "icon.png"}
{"title": "verify", "subtitle": "验证", "arg": "2.2.5$%verify$%验证$%EN2zh-CHS$%$%",         "icon": "icon.png"}
{"title": "va", "subtitle": "弗吉尼亚州", "arg": "2.2.5$%va$%弗吉尼亚州$%EN2zh-CHS$%$%",         "icon": "icon.png"}
{"title": "validate", "subtitle": "验证", "arg": "2.2.5$%validate$%验证$%EN2zh-CHS$%$%",         "icon": "icon.png"}
{"title": "verify", "subtitle": "验证", "arg": "2.2.5$%verify$%验证$%EN2zh-CHS$%$%",         "icon": "icon.png"}
{"title": "supera", "subtitle": "supera", "arg": "2.2.5$%supera$%supera$%EN2zh-CHS$%$%",         "icon": "icon.png"}
{"title": "supervise", "subtitle": "监督", "arg": "2.2.5$%supervise$%监督$%EN2zh-CHS$%$%",         "icon": "icon.png"}
{"title": "supervi", "subtitle": "supervi", "arg": "2.2.5$%supervi$%supervi$%EN2zh-CHS$%$%",         "icon": "icon.png"}
{"title": "supervisor", "subtitle": "主管", "arg": "2.2.5$%supervisor$%主管$%EN2zh-CHS$%$%",         "icon": "icon.png"}
{"title": "ji", "subtitle": "霁", "arg": "2.2.5$%ji$%霁$%EN2zh-CHS$%$%",         "icon": "icon.png"}
{"title": "记录", "subtitle": "record", "arg": "2.2.5$%记录$%record$%zh-CHS2EN$%$%",         "icon": "icon.png"}
{"title": "过滤", "subtitle": "filter", "arg": "2.2.5$%过滤$%filter$%zh-CHS2EN$%$%",         "icon": "icon.png"}
{"title": "过滤之前", "subtitle": "Before the filter", "arg": "2.2.5$%过滤之前$%Before the filter$%zh-CHS2EN$%$%",         "icon": "icon.png"}
{"title": "重复", "subtitle": "repeat", "arg": "2.2.5$%重复$%repeat$%zh-CHS2EN$%$%",         "icon": "icon.png"}
{"title": "重复监听", "subtitle": "Repeat listening", "arg": "2.2.5$%重复监听$%Repeat listening$%zh-CHS2EN$%$%",         "icon": "icon.png"}
{"title": "jiffies", "subtitle": "jiffies", "arg": "2.2.5$%jiffies$%jiffies$%EN2zh-CHS$%$%",         "icon": "icon.png"}
{"title": "jiff", "subtitle": "瞬间", "arg": "2.2.5$%jiff$%瞬间$%EN2zh-CHS$%$%",         "icon": "icon.png"}
{"title": "jiffy", "subtitle": "瞬间", "arg": "2.2.5$%jiffy$%瞬间$%EN2zh-CHS$%$%",         "icon": "icon.png"}
{"title": "cru", "subtitle": "cru", "arg": "2.2.5$%cru$%cru$%EN2zh-CHS$%$%",         "icon": "icon.png"}
{"title": "crucial", "subtitle": "至关重要的", "arg": "2.2.5$%crucial$%至关重要的$%EN2zh-CHS$%$%",         "icon": "icon.png"}
{"title": "omm", "subtitle": "脱石", "arg": "2.2.5$%omm$%脱石$%EN2zh-CHS$%$%",         "icon": "icon.png"}
{"title": "omitted", "subtitle": "省略了", "arg": "2.2.5$%omitted$%省略了$%EN2zh-CHS$%$%",         "icon": "icon.png"}
{"title": "displacement", "subtitle": "位移", "arg": "2.2.5$%displacement$%位移$%EN2zh-CHS$%$%",         "icon": "icon.png"}
{"title": "清华", "subtitle": "tsinghua", "arg": "2.2.5$%清华$%tsinghua$%zh-CHS2EN$%$%",         "icon": "icon.png"}
{"title": "ker", "subtitle": "根据", "arg": "2.2.5$%ker$%根据$%EN2zh-CHS$%$%",         "icon": "icon.png"}
{"title": "ker", "subtitle": "根据", "arg": "2.2.5$%ker$%根据$%EN2zh-CHS$%$%",         "icon": "icon.png"}
{"title": "kernel", "subtitle": "内核", "arg": "2.2.5$%kernel$%内核$%EN2zh-CHS$%$%",         "icon": "icon.png"}
{"title": "core", "subtitle": "核心", "arg": "2.2.5$%core$%核心$%EN2zh-CHS$%$%",         "icon": "icon.png"}
{"title": "ari", "subtitle": "阿里", "arg": "2.2.5$%ari$%阿里$%EN2zh-CHS$%$%",         "icon": "icon.png"}
{"title": "arise", "subtitle": "出现", "arg": "2.2.5$%arise$%出现$%EN2zh-CHS$%$%",         "icon": "icon.png"}
{"title": "arises", "subtitle": "出现", "arg": "2.2.5$%arises$%出现$%EN2zh-CHS$%$%",         "icon": "icon.png"}
{"title": "transportabi", "subtitle": "transportabi", "arg": "2.2.5$%transportabi$%transportabi$%EN2zh-CHS$%$%",         "icon": "icon.png"}
{"title": "transportability", "subtitle": "可移植性", "arg": "2.2.5$%transportability$%可移植性$%EN2zh-CHS$%$%",         "icon": "icon.png"}
{"title": "crux", "subtitle": "症结所在", "arg": "2.2.5$%crux$%症结所在$%EN2zh-CHS$%$%",         "icon": "icon.png"}
{"title": "conventional", "subtitle": "传统的", "arg": "2.2.5$%conventional$%传统的$%EN2zh-CHS$%$%",         "icon": "icon.png"}
{"title": "seize", "subtitle": "抓住", "arg": "2.2.5$%seize$%抓住$%EN2zh-CHS$%$%",         "icon": "icon.png"}
{"title": "prop", "subtitle": "道具", "arg": "2.2.5$%prop$%道具$%EN2zh-CHS$%$%",         "icon": "icon.png"}
{"title": "propo", "subtitle": "propo", "arg": "2.2.5$%propo$%propo$%EN2zh-CHS$%$%",         "icon": "icon.png"}
{"title": "proponents", "subtitle": "支持者", "arg": "2.2.5$%proponents$%支持者$%EN2zh-CHS$%$%",         "icon": "icon.png"}
{"title": "concealed", "subtitle": "隐藏", "arg": "2.2.5$%concealed$%隐藏$%EN2zh-CHS$%$%",         "icon": "icon.png"}
{"title": "conceal", "subtitle": "隐藏", "arg": "2.2.5$%conceal$%隐藏$%EN2zh-CHS$%$%",         "icon": "icon.png"}
{"title": "in", "subtitle": "在", "arg": "2.2.5$%in$%在$%EN2zh-CHS$%$%",         "icon": "icon.png"}
{"title": "invo", "subtitle": "其", "arg": "2.2.5$%invo$%其$%EN2zh-CHS$%$%",         "icon": "icon.png"}
{"title": "involved", "subtitle": "涉及到", "arg": "2.2.5$%involved$%涉及到$%EN2zh-CHS$%$%",         "icon": "icon.png"}
{"title": "reincarnation", "subtitle": "转世", "arg": "2.2.5$%reincarnation$%转世$%EN2zh-CHS$%$%",         "icon": "icon.png"}
{"title": "evolution", "subtitle": "进化", "arg": "2.2.5$%evolution$%进化$%EN2zh-CHS$%$%",         "icon": "icon.png"}
{"title": "预定", "subtitle": "reservation", "arg": "2.2.5$%预定$%reservation$%zh-CHS2EN$%$%",         "icon": "icon.png"}
{"title": "预", "subtitle": "pre", "arg": "2.2.5$%预$%pre$%zh-CHS2EN$%$%",         "icon": "icon.png"}
{"title": "预定义", "subtitle": "predefined", "arg": "2.2.5$%预定义$%predefined$%zh-CHS2EN$%$%",         "icon": "icon.png"}
{"title": "custom", "subtitle": "自定义", "arg": "2.2.5$%custom$%自定义$%EN2zh-CHS$%$%",         "icon": "icon.png"}
{"title": "customed", "subtitle": "习惯了", "arg": "2.2.5$%customed$%习惯了$%EN2zh-CHS$%$%",         "icon": "icon.png"}
{"title": "in", "subtitle": "在", "arg": "2.2.5$%in$%在$%EN2zh-CHS$%$%",         "icon": "icon.png"}
{"title": "insensetive", "subtitle": "insensetive", "arg": "2.2.5$%insensetive$%insensetive$%EN2zh-CHS$%$%",         "icon": "icon.png"}
{"title": "insensitive", "subtitle": "不敏感", "arg": "2.2.5$%insensitive$%不敏感$%EN2zh-CHS$%$%",         "icon": "icon.png"}
{"title": "字", "subtitle": "word", "arg": "2.2.5$%字$%word$%zh-CHS2EN$%$%",         "icon": "icon.png"}
{"title": "自", "subtitle": "Since the", "arg": "2.2.5$%自$%Since the$%zh-CHS2EN$%$%",         "icon": "icon.png"}
{"title": "自", "subtitle": "Since the", "arg": "2.2.5$%自$%Since the$%zh-CHS2EN$%$%",         "icon": "icon.png"}
{"title": "自定义的", "subtitle": "The custom of", "arg": "2.2.5$%自定义的$%The custom of$%zh-CHS2EN$%$%",         "icon": "icon.png"}
{"title": "f", "subtitle": "f", "arg": "2.2.5$%f$%f$%EN2zh-CHS$%$%",         "icon": "icon.png"}
{"title": "废弃的", "subtitle": "The abandoned", "arg": "2.2.5$%废弃的$%The abandoned$%zh-CHS2EN$%$%",         "icon": "icon.png"}
{"title": "depre", "subtitle": "萧条", "arg": "2.2.5$%depre$%萧条$%EN2zh-CHS$%$%",         "icon": "icon.png"}
{"title": "deprecated", "subtitle": "弃用", "arg": "2.2.5$%deprecated$%弃用$%EN2zh-CHS$%$%",         "icon": "icon.png"}
{"title": "abstracy", "subtitle": "abstracy", "arg": "2.2.5$%abstracy$%abstracy$%EN2zh-CHS$%$%",         "icon": "icon.png"}
{"title": "abstract", "subtitle": "摘要", "arg": "2.2.5$%abstract$%摘要$%EN2zh-CHS$%$%",         "icon": "icon.png"}
{"title": "绑定的", "subtitle": "The binding of", "arg": "2.2.5$%绑定的$%The binding of$%zh-CHS2EN$%$%",         "icon": "icon.png"}
{"title": "被绑定的", "subtitle": "Be binding", "arg": "2.2.5$%被绑定的$%Be binding$%zh-CHS2EN$%$%",         "icon": "icon.png"}
{"title": "bound", "subtitle": "绑定", "arg": "2.2.5$%bound$%绑定$%EN2zh-CHS$%$%",         "icon": "icon.png"}
{"title": "mw", "subtitle": "兆瓦", "arg": "2.2.5$%mw$%兆瓦$%EN2zh-CHS$%$%",         "icon": "icon.png"}
{"title": "没有", "subtitle": "There is no", "arg": "2.2.5$%没有$%There is no$%zh-CHS2EN$%$%",         "icon": "icon.png"}
{"title": "没有绑定的", "subtitle": "There is no binding", "arg": "2.2.5$%没有绑定的$%There is no binding$%zh-CHS2EN$%$%",         "icon": "icon.png"}
{"title": "可爱", "subtitle": "lovely", "arg": "2.2.5$%可爱$%lovely$%zh-CHS2EN$%$%",         "icon": "icon.png"}
{"title": "可选的", "subtitle": "optional", "arg": "2.2.5$%可选的$%optional$%zh-CHS2EN$%$%",         "icon": "icon.png"}
{"title": "re", "subtitle": "再保险", "arg": "2.2.5$%re$%再保险$%EN2zh-CHS$%$%",         "icon": "icon.png"}
{"title": "rei", "subtitle": "丽", "arg": "2.2.5$%rei$%丽$%EN2zh-CHS$%$%",         "icon": "icon.png"}
{"title": "reincar", "subtitle": "reincar", "arg": "2.2.5$%reincar$%reincar$%EN2zh-CHS$%$%",         "icon": "icon.png"}
{"title": "reincarnation", "subtitle": "转世", "arg": "2.2.5$%reincarnation$%转世$%EN2zh-CHS$%$%",         "icon": "icon.png"}
{"title": "surver", "subtitle": "检验", "arg": "2.2.5$%surver$%检验$%EN2zh-CHS$%$%",         "icon": "icon.png"}
{"title": "survey", "subtitle": "调查", "arg": "2.2.5$%survey$%调查$%EN2zh-CHS$%$%",         "icon": "icon.png"}
{"title": "oriented", "subtitle": "面向", "arg": "2.2.5$%oriented$%面向$%EN2zh-CHS$%$%",         "icon": "icon.png"}
{"title": "ration", "subtitle": "配给", "arg": "2.2.5$%ration$%配给$%EN2zh-CHS$%$%",         "icon": "icon.png"}
{"title": "rationale", "subtitle": "基本原理", "arg": "2.2.5$%rationale$%基本原理$%EN2zh-CHS$%$%",         "icon": "icon.png"}
{"title": "replica", "subtitle": "副本", "arg": "2.2.5$%replica$%副本$%EN2zh-CHS$%$%",         "icon": "icon.png"}
{"title": "mono", "subtitle": "莫诺", "arg": "2.2.5$%mono$%莫诺$%EN2zh-CHS$%$%",         "icon": "icon.png"}
{"title": "monoprogramming", "subtitle": "单道程序方式", "arg": "2.2.5$%monoprogramming$%单道程序方式$%EN2zh-CHS$%$%",         "icon": "icon.png"}
{"title": "hy", "subtitle": "沪元", "arg": "2.2.5$%hy$%沪元$%EN2zh-CHS$%$%",         "icon": "icon.png"}
{"title": "hygiene", "subtitle": "卫生", "arg": "2.2.5$%hygiene$%卫生$%EN2zh-CHS$%$%",         "icon": "icon.png"}
{"title": "intrinsic", "subtitle": "内在", "arg": "2.2.5$%intrinsic$%内在$%EN2zh-CHS$%$%",         "icon": "icon.png"}
{"title": "adjac", "subtitle": "adjac", "arg": "2.2.5$%adjac$%adjac$%EN2zh-CHS$%$%",         "icon": "icon.png"}
{"title": "adjacent", "subtitle": "相邻", "arg": "2.2.5$%adjacent$%相邻$%EN2zh-CHS$%$%",         "icon": "icon.png"}
{"title": "str", "subtitle": "str", "arg": "2.2.5$%str$%str$%EN2zh-CHS$%$%",         "icon": "icon.png"}
{"title": "stretchout", "subtitle": "伸展", "arg": "2.2.5$%stretchout$%伸展$%EN2zh-CHS$%$%",         "icon": "icon.png"}
{"title": "stretchou", "subtitle": "stretchou", "arg": "2.2.5$%stretchou$%stretchou$%EN2zh-CHS$%$%",         "icon": "icon.png"}
{"title": "jobstream", "subtitle": "jobstream", "arg": "2.2.5$%jobstream$%jobstream$%EN2zh-CHS$%$%",         "icon": "icon.png"}
{"title": "dedicated", "subtitle": "专用的", "arg": "2.2.5$%dedicated$%专用的$%EN2zh-CHS$%$%",         "icon": "icon.png"}
{"title": "bi", "subtitle": "bi", "arg": "2.2.5$%bi$%bi$%EN2zh-CHS$%$%",         "icon": "icon.png"}
{"title": "bibli", "subtitle": "bibli", "arg": "2.2.5$%bibli$%bibli$%EN2zh-CHS$%$%",         "icon": "icon.png"}
{"title": "bibliography", "subtitle": "参考书目", "arg": "2.2.5$%bibliography$%参考书目$%EN2zh-CHS$%$%",         "icon": "icon.png"}
{"title": "sca", "subtitle": "sca", "arg": "2.2.5$%sca$%sca$%EN2zh-CHS$%$%",         "icon": "icon.png"}
{"title": "sc", "subtitle": "sc", "arg": "2.2.5$%sc$%sc$%EN2zh-CHS$%$%",         "icon": "icon.png"}
{"title": "scen", "subtitle": "scen", "arg": "2.2.5$%scen$%scen$%EN2zh-CHS$%$%",         "icon": "icon.png"}
{"title": "sce", "subtitle": "南加州爱迪生公司", "arg": "2.2.5$%sce$%南加州爱迪生公司$%EN2zh-CHS$%$%",         "icon": "icon.png"}
{"title": "scenari", "subtitle": "完美", "arg": "2.2.5$%scenari$%完美$%EN2zh-CHS$%$%",         "icon": "icon.png"}
{"title": "scenario", "subtitle": "场景", "arg": "2.2.5$%scenario$%场景$%EN2zh-CHS$%$%",         "icon": "icon.png"}
{"title": "consolidation", "subtitle": "整合", "arg": "2.2.5$%consolidation$%整合$%EN2zh-CHS$%$%",         "icon": "icon.png"}
{"title": "survey", "subtitle": "调查", "arg": "2.2.5$%survey$%调查$%EN2zh-CHS$%$%",         "icon": "icon.png"}
{"title": "conceptually", "subtitle": "从概念上讲", "arg": "2.2.5$%conceptually$%从概念上讲$%EN2zh-CHS$%$%",         "icon": "icon.png"}
{"title": "vi", "subtitle": "6", "arg": "2.2.5$%vi$%6$%EN2zh-CHS$%$%",         "icon": "icon.png"}
{"title": "review", "subtitle": "审查", "arg": "2.2.5$%review$%审查$%EN2zh-CHS$%$%",         "icon": "icon.png"}
{"title": "l", "subtitle": "l", "arg": "2.2.5$%l$%l$%EN2zh-CHS$%$%",         "icon": "icon.png"}
{"title": "latencies", "subtitle": "延迟", "arg": "2.2.5$%latencies$%延迟$%EN2zh-CHS$%$%",         "icon": "icon.png"}
{"title": "overloo", "subtitle": "overloo", "arg": "2.2.5$%overloo$%overloo$%EN2zh-CHS$%$%",         "icon": "icon.png"}
{"title": "overlooked", "subtitle": "被忽视的", "arg": "2.2.5$%overlooked$%被忽视的$%EN2zh-CHS$%$%",         "icon": "icon.png"}
{"title": "specu", "subtitle": "specu", "arg": "2.2.5$%specu$%specu$%EN2zh-CHS$%$%",         "icon": "icon.png"}
{"title": "specu;atove", "subtitle": "specu; atove", "arg": "2.2.5$%specu;atove$%specu; atove$%EN2zh-CHS$%$%",         "icon": "icon.png"}
{"title": "specu", "subtitle": "specu", "arg": "2.2.5$%specu$%specu$%EN2zh-CHS$%$%",         "icon": "icon.png"}
{"title": "spec", "subtitle": "规范", "arg": "2.2.5$%spec$%规范$%EN2zh-CHS$%$%",         "icon": "icon.png"}
{"title": "speculative", "subtitle": "投机", "arg": "2.2.5$%speculative$%投机$%EN2zh-CHS$%$%",         "icon": "icon.png"}
{"title": "constrra", "subtitle": "constrra", "arg": "2.2.5$%constrra$%constrra$%EN2zh-CHS$%$%",         "icon": "icon.png"}
{"title": "constrraing", "subtitle": "constrraing", "arg": "2.2.5$%constrraing$%constrraing$%EN2zh-CHS$%$%",         "icon": "icon.png"}
{"title": "constrr", "subtitle": "constrr", "arg": "2.2.5$%constrr$%constrr$%EN2zh-CHS$%$%",         "icon": "icon.png"}
{"title": "constrainging", "subtitle": "构件", "arg": "2.2.5$%constrainging$%构件$%EN2zh-CHS$%$%",         "icon": "icon.png"}
{"title": "constrain", "subtitle": "限制", "arg": "2.2.5$%constrain$%限制$%EN2zh-CHS$%$%",         "icon": "icon.png"}
{"title": "constraining", "subtitle": "约束", "arg": "2.2.5$%constraining$%约束$%EN2zh-CHS$%$%",         "icon": "icon.png"}
{"title": "translation", "subtitle": "翻译", "arg": "2.2.5$%translation$%翻译$%EN2zh-CHS$%$%",         "icon": "icon.png"}
{"title": "宿舍", "subtitle": "The dormitory", "arg": "2.2.5$%宿舍$%The dormitory$%zh-CHS2EN$%$%",         "icon": "icon.png"}
{"title": "resolve", "subtitle": "解决", "arg": "2.2.5$%resolve$%解决$%EN2zh-CHS$%$%",         "icon": "icon.png"}
{"title": "solve", "subtitle": "解决", "arg": "2.2.5$%solve$%解决$%EN2zh-CHS$%$%",         "icon": "icon.png"}
{"title": "resolve", "subtitle": "解决", "arg": "2.2.5$%resolve$%解决$%EN2zh-CHS$%$%",         "icon": "icon.png"}
{"title": "重复", "subtitle": "repeat", "arg": "2.2.5$%重复$%repeat$%zh-CHS2EN$%$%",         "icon": "icon.png"}
{"title": "重复添加", "subtitle": "Repeat to add", "arg": "2.2.5$%重复添加$%Repeat to add$%zh-CHS2EN$%$%",         "icon": "icon.png"}
{"title": "infrastructure", "subtitle": "基础设施", "arg": "2.2.5$%infrastructure$%基础设施$%EN2zh-CHS$%$%",         "icon": "icon.png"}
{"title": "outrage", "subtitle": "愤怒", "arg": "2.2.5$%outrage$%愤怒$%EN2zh-CHS$%$%",         "icon": "icon.png"}
{"title": "persis", "subtitle": "波西斯", "arg": "2.2.5$%persis$%波西斯$%EN2zh-CHS$%$%",         "icon": "icon.png"}
{"title": "persists", "subtitle": "仍然存在", "arg": "2.2.5$%persists$%仍然存在$%EN2zh-CHS$%$%",         "icon": "icon.png"}
{"title": "ar", "subtitle": "基于“增大化现实”技术", "arg": "2.2.5$%ar$%基于“增大化现实”技术$%EN2zh-CHS$%$%",         "icon": "icon.png"}
{"title": "archi", "subtitle": "archi", "arg": "2.2.5$%archi$%archi$%EN2zh-CHS$%$%",         "icon": "icon.png"}
{"title": "archive", "subtitle": "存档", "arg": "2.2.5$%archive$%存档$%EN2zh-CHS$%$%",         "icon": "icon.png"}
{"title": "archived", "subtitle": "存档", "arg": "2.2.5$%archived$%存档$%EN2zh-CHS$%$%",         "icon": "icon.png"}
{"title": "匹配的", "subtitle": "The matching", "arg": "2.2.5$%匹配的$%The matching$%zh-CHS2EN$%$%",         "icon": "icon.png"}
{"title": "匹配的", "subtitle": "The matching", "arg": "2.2.5$%匹配的$%The matching$%zh-CHS2EN$%$%",         "icon": "icon.png"}
{"title": "匹配的标点符号", "subtitle": "Match the punctuation marks", "arg": "2.2.5$%匹配的标点符号$%Match the punctuation marks$%zh-CHS2EN$%$%",         "icon": "icon.png"}
